<?xml version="1.0" encoding="UTF-8"?>
<robot generator="Robot 7.2.2 (Python 3.13.2 on win32)" generated="2025-05-03T21:20:09.621139" rpa="false" schemaversion="5">
<suite id="s1" name="Test Cadastro Produto" source="D:\carlo\Projeto\Desafio-Tecnorise\test\suites\test_cadastro_produto.robot">
<test id="s1-t1" name="Cenario 01: Cadastro de produto dados validos" line="12">
<kw name="Abrir navegador" owner="hooks" type="SETUP">
<kw name="Open Browser" owner="SeleniumLibrary">
<msg time="2025-05-03T21:20:10.028435" level="INFO">Opening browser 'chrome' to base url 'https://tecnorise-qa-interview.pages.dev/'.</msg>
<arg>${URL}</arg>
<arg>${BROWSER}</arg>
<doc>Opens a new browser instance to the optional ``url``.</doc>
<status status="PASS" start="2025-05-03T21:20:10.028199" elapsed="2.530388"/>
</kw>
<kw name="Maximize Browser Window" owner="SeleniumLibrary">
<doc>Maximizes current browser window.</doc>
<status status="PASS" start="2025-05-03T21:20:12.558848" elapsed="0.029794"/>
</kw>
<status status="PASS" start="2025-05-03T21:20:10.027593" elapsed="2.561171"/>
</kw>
<kw name="Validar pagina deve conter o title" owner="page_cadastro_produto">
<kw name="Title Should Be" owner="SeleniumLibrary">
<msg time="2025-05-03T21:20:12.598190" level="INFO">Page title is 'Teste automação QA'.</msg>
<arg>Teste automação QA</arg>
<doc>Verifies that the current page title equals ``title``.</doc>
<status status="PASS" start="2025-05-03T21:20:12.589589" elapsed="0.008740"/>
</kw>
<arg>Teste automação QA</arg>
<status status="PASS" start="2025-05-03T21:20:12.589142" elapsed="0.009305"/>
</kw>
<kw name="Deve poder clicar no botao Adicionar Produto" owner="page_cadastro_produto">
<kw name="Wait Until Element Is Visible" owner="SeleniumLibrary">
<arg>xpath=//*[@id="root"]/div/div[1]/button</arg>
<arg>5s</arg>
<doc>Waits until the element ``locator`` is visible.</doc>
<status status="PASS" start="2025-05-03T21:20:12.599064" elapsed="0.028159"/>
</kw>
<kw name="Click Button" owner="SeleniumLibrary">
<msg time="2025-05-03T21:20:12.627568" level="INFO">Clicking button 'xpath=//*[@id="root"]/div/div[1]/button'.</msg>
<arg>xpath=//*[@id="root"]/div/div[1]/button</arg>
<doc>Clicks the button identified by ``locator``.</doc>
<status status="PASS" start="2025-05-03T21:20:12.627390" elapsed="0.068479"/>
</kw>
<status status="PASS" start="2025-05-03T21:20:12.598812" elapsed="0.097164"/>
</kw>
<kw name="Validar se abriu modal com formulario para cadastro" owner="page_cadastro_produto">
<kw name="Wait Until Element Contains" owner="SeleniumLibrary">
<arg>xpath=//h2[contains(text(), "Cadastrar Produto")]</arg>
<arg>Cadastrar Produto</arg>
<arg>5s</arg>
<doc>Waits until the element ``locator`` contains ``text``.</doc>
<status status="PASS" start="2025-05-03T21:20:12.696459" elapsed="0.019673"/>
</kw>
<status status="PASS" start="2025-05-03T21:20:12.696232" elapsed="0.020021"/>
</kw>
<kw name="Preencher formulario campo Nome" owner="page_cadastro_produto">
<kw name="Wait Until Element Is Visible" owner="SeleniumLibrary">
<arg>xpath=//*[@id="root"]/div/div[3]/div/form/div[1]/label</arg>
<arg>5s</arg>
<doc>Waits until the element ``locator`` is visible.</doc>
<status status="PASS" start="2025-05-03T21:20:12.717398" elapsed="0.017986"/>
</kw>
<kw name="Wait Until Element Is Visible" owner="SeleniumLibrary">
<arg>xpath=//input[@placeholder="Digite o nome do produto"]</arg>
<arg>5s</arg>
<doc>Waits until the element ``locator`` is visible.</doc>
<status status="PASS" start="2025-05-03T21:20:12.735573" elapsed="0.016661"/>
</kw>
<kw name="Input Text" owner="SeleniumLibrary">
<msg time="2025-05-03T21:20:12.752599" level="INFO">Typing text 'Teclado' into text field 'xpath=//input[@placeholder="Digite o nome do produto"]'.</msg>
<arg>xpath=//input[@placeholder="Digite o nome do produto"]</arg>
<arg>${produto}</arg>
<doc>Types the given ``text`` into the text field identified by ``locator``.</doc>
<status status="PASS" start="2025-05-03T21:20:12.752393" elapsed="0.080797"/>
</kw>
<kw name="Set Global Variable" owner="BuiltIn">
<msg time="2025-05-03T21:20:12.833975" level="INFO">${NOME_PRODUTO} = Teclado</msg>
<arg>${NOME_PRODUTO}</arg>
<arg>${produto}</arg>
<doc>Makes a variable available globally in all tests and suites.</doc>
<status status="PASS" start="2025-05-03T21:20:12.833376" elapsed="0.000647"/>
</kw>
<arg>Teclado</arg>
<status status="PASS" start="2025-05-03T21:20:12.716848" elapsed="0.117256"/>
</kw>
<kw name="Preencher formulario campo Preco" owner="page_cadastro_produto">
<kw name="Wait Until Element Is Visible" owner="SeleniumLibrary">
<arg>xpath=//*[@id="root"]/div/div[3]/div/form/div[2]/label</arg>
<arg>5s</arg>
<doc>Waits until the element ``locator`` is visible.</doc>
<status status="PASS" start="2025-05-03T21:20:12.834595" elapsed="0.015394"/>
</kw>
<kw name="Wait Until Element Is Visible" owner="SeleniumLibrary">
<arg>xpath=//*[@id="root"]/div/div[3]/div/form/div[2]/input</arg>
<arg>5s</arg>
<doc>Waits until the element ``locator`` is visible.</doc>
<status status="PASS" start="2025-05-03T21:20:12.850267" elapsed="0.013454"/>
</kw>
<kw name="Input Text" owner="SeleniumLibrary">
<msg time="2025-05-03T21:20:12.864135" level="INFO">Typing text '160.00' into text field 'xpath=//*[@id="root"]/div/div[3]/div/form/div[2]/input'.</msg>
<arg>xpath=//*[@id="root"]/div/div[3]/div/form/div[2]/input</arg>
<arg>${valor}</arg>
<doc>Types the given ``text`` into the text field identified by ``locator``.</doc>
<status status="PASS" start="2025-05-03T21:20:12.863894" elapsed="0.055385"/>
</kw>
<kw name="Set Global Variable" owner="BuiltIn">
<msg time="2025-05-03T21:20:12.921086" level="INFO">${VALOR_PRODUTO} = 160.00</msg>
<arg>${VALOR_PRODUTO}</arg>
<arg>${valor}</arg>
<doc>Makes a variable available globally in all tests and suites.</doc>
<status status="PASS" start="2025-05-03T21:20:12.919867" elapsed="0.001339"/>
</kw>
<arg>160.00</arg>
<status status="PASS" start="2025-05-03T21:20:12.834365" elapsed="0.087014"/>
</kw>
<kw name="Preencher formulario campo Descricao" owner="page_cadastro_produto">
<kw name="Wait Until Element Is Visible" owner="SeleniumLibrary">
<arg>xpath=//*[@id="root"]/div/div[3]/div/form/div[3]/label</arg>
<arg>5s</arg>
<doc>Waits until the element ``locator`` is visible.</doc>
<status status="PASS" start="2025-05-03T21:20:12.922073" elapsed="0.014045"/>
</kw>
<kw name="Wait Until Element Is Visible" owner="SeleniumLibrary">
<arg>xpath=//textarea[@placeholder="Descreva o produto"]</arg>
<arg>5s</arg>
<doc>Waits until the element ``locator`` is visible.</doc>
<status status="PASS" start="2025-05-03T21:20:12.936362" elapsed="0.013567"/>
</kw>
<kw name="Input Text" owner="SeleniumLibrary">
<msg time="2025-05-03T21:20:12.950305" level="INFO">Typing text 'Características: - Marca: Redragon - Modelo: K552 Especificações: - Teclado Mecânico de Alto Desempenho - 12 Teclas para controle Multimídia - Controle de Iluminação "On-The-Fly" - Sistema Nº Key Rollover para Anti-Ghosting em 100% das Teclas - Funcionamento da Tecla Win Alternável (Pressione FN+Win para Desligar / Ligar a Tecla) - Padrão ABNT2 - Feito Especialmente para o Mercado Brasileiro - O primeiro do Mundo em ABNT2 com teclas Padrão Double Injection - Fabricado com o Renomado Switch Mecânico Outemu: Brown - Outemu Brown: Feedback Tátil, Resistência Média, Sem Clique Audível - Iluminação com Leds Vermelhos - Construção Robusta em Metal e Plástico ABS para maior Durabilidade - Switch removível' into text field 'xpath=//textarea[@placeholder="Descreva o produto"]'.</msg>
<arg>xpath=//textarea[@placeholder="Descreva o produto"]</arg>
<arg>${DESCRICAO}</arg>
<doc>Types the given ``text`` into the text field identified by ``locator``.</doc>
<status status="PASS" start="2025-05-03T21:20:12.950089" elapsed="0.732737"/>
</kw>
<kw name="Set Global Variable" owner="BuiltIn">
<msg time="2025-05-03T21:20:13.683555" level="INFO">${TEXTO_DESCRICAO} = Características: - Marca: Redragon - Modelo: K552 Especificações: - Teclado Mecânico de Alto Desempenho - 12 Teclas para controle Multimídia - Controle de Iluminação "On-The-Fly" - Sistema Nº Key Roll...</msg>
<arg>${TEXTO_DESCRICAO}</arg>
<arg>${DESCRICAO}</arg>
<doc>Makes a variable available globally in all tests and suites.</doc>
<status status="PASS" start="2025-05-03T21:20:13.682994" elapsed="0.000684"/>
</kw>
<status status="PASS" start="2025-05-03T21:20:12.921850" elapsed="0.761902"/>
</kw>
<kw name="Deve poder clicar no botao Salvar" owner="page_cadastro_produto">
<kw name="Wait Until Element Is Visible" owner="SeleniumLibrary">
<arg>xpath=//*[@id="root"]/div/div[3]/div/form/div[4]/button[2]</arg>
<arg>5s</arg>
<doc>Waits until the element ``locator`` is visible.</doc>
<status status="PASS" start="2025-05-03T21:20:13.684222" elapsed="0.014667"/>
</kw>
<kw name="Click Button" owner="SeleniumLibrary">
<msg time="2025-05-03T21:20:13.699203" level="INFO">Clicking button 'xpath=//*[@id="root"]/div/div[3]/div/form/div[4]/button[2]'.</msg>
<arg>xpath=//*[@id="root"]/div/div[3]/div/form/div[4]/button[2]</arg>
<doc>Clicks the button identified by ``locator``.</doc>
<status status="PASS" start="2025-05-03T21:20:13.699046" elapsed="0.067913"/>
</kw>
<status status="PASS" start="2025-05-03T21:20:13.684007" elapsed="0.083081"/>
</kw>
<kw name="Validar tela de Produtos Cadastrados" owner="page_cadastro_produto">
<kw name="Wait Until Element Contains" owner="SeleniumLibrary">
<arg>xpath=//h3[contains(text(), "Produtos Cadastrados")]</arg>
<arg>Produtos Cadastrados</arg>
<arg>5s</arg>
<doc>Waits until the element ``locator`` contains ``text``.</doc>
<status status="PASS" start="2025-05-03T21:20:13.767625" elapsed="0.014089"/>
</kw>
<status status="PASS" start="2025-05-03T21:20:13.767376" elapsed="0.014439"/>
</kw>
<kw name="Validar Produtos Cadastrados" owner="page_cadastro_produto">
<kw name="Wait Until Element Is Visible" owner="SeleniumLibrary">
<arg>xpath=//*[@id="root"]/div/div[2]/ul/li/div[1]/strong</arg>
<doc>Waits until the element ``locator`` is visible.</doc>
<status status="PASS" start="2025-05-03T21:20:13.782367" elapsed="0.015718"/>
</kw>
<kw name="Get Text" owner="SeleniumLibrary">
<msg time="2025-05-03T21:20:13.810959" level="INFO">${produto_cadastrado} = Teclado</msg>
<var>${produto_cadastrado}</var>
<arg>xpath=//*[@id="root"]/div/div[2]/ul/li/div[1]/strong</arg>
<doc>Returns the text value of the element identified by ``locator``.</doc>
<status status="PASS" start="2025-05-03T21:20:13.798327" elapsed="0.012683"/>
</kw>
<kw name="Should Be Equal" owner="BuiltIn">
<arg>${produto_cadastrado}</arg>
<arg>${NOME_PRODUTO}</arg>
<doc>Fails if the given objects are unequal.</doc>
<status status="PASS" start="2025-05-03T21:20:13.811205" elapsed="0.000245"/>
</kw>
<kw name="Log" owner="BuiltIn">
<msg time="2025-05-03T21:20:13.811693" level="INFO">Teclado</msg>
<arg>${produto_cadastrado}</arg>
<doc>Logs the given message with the given level.</doc>
<status status="PASS" start="2025-05-03T21:20:13.811572" elapsed="0.000163"/>
</kw>
<kw name="Log" owner="BuiltIn">
<msg time="2025-05-03T21:20:13.811939" level="INFO">Teclado</msg>
<arg>${NOME_PRODUTO}</arg>
<doc>Logs the given message with the given level.</doc>
<status status="PASS" start="2025-05-03T21:20:13.811834" elapsed="0.000145"/>
</kw>
<status status="PASS" start="2025-05-03T21:20:13.782151" elapsed="0.029894"/>
</kw>
<kw name="Validar Valor do Produto Cadastrado" owner="page_cadastro_produto">
<kw name="Wait Until Element Contains" owner="SeleniumLibrary">
<arg>xpath=//*[@id="root"]/div/div[2]/ul/li/div[1]</arg>
<arg>160.00</arg>
<doc>Waits until the element ``locator`` contains ``text``.</doc>
<status status="PASS" start="2025-05-03T21:20:13.812873" elapsed="0.018402"/>
</kw>
<kw name="Log" owner="BuiltIn">
<msg time="2025-05-03T21:20:13.831578" level="INFO">160.00</msg>
<arg>${VALOR_PRODUTO}</arg>
<doc>Logs the given message with the given level.</doc>
<status status="PASS" start="2025-05-03T21:20:13.831431" elapsed="0.000189"/>
</kw>
<status status="PASS" start="2025-05-03T21:20:13.812400" elapsed="0.019285"/>
</kw>
<kw name="Validar Descricao do Produto Cadastrado" owner="page_cadastro_produto">
<kw name="Wait Until Element Is Visible" owner="SeleniumLibrary">
<arg>xpath=//*[@id="root"]/div/div[2]/ul/li/div[1]/p</arg>
<arg>5s</arg>
<doc>Waits until the element ``locator`` is visible.</doc>
<status status="PASS" start="2025-05-03T21:20:13.832106" elapsed="0.013501"/>
</kw>
<kw name="Get Text" owner="SeleniumLibrary">
<msg time="2025-05-03T21:20:13.857259" level="INFO">${descricao_cadastrada} = Características: - Marca: Redragon - Modelo: K552 Especificações: - Teclado Mecânico de Alto Desempenho - 12 Teclas para controle Multimídia - Controle de Iluminação "On-The-Fly" - Sistema Nº Key Roll...</msg>
<var>${descricao_cadastrada}</var>
<arg>xpath=//*[@id="root"]/div/div[2]/ul/li/div[1]/p</arg>
<doc>Returns the text value of the element identified by ``locator``.</doc>
<status status="PASS" start="2025-05-03T21:20:13.845762" elapsed="0.011541"/>
</kw>
<kw name="Should Be Equal" owner="BuiltIn">
<arg>${descricao_cadastrada}</arg>
<arg>${TEXTO_DESCRICAO}</arg>
<doc>Fails if the given objects are unequal.</doc>
<status status="PASS" start="2025-05-03T21:20:13.857458" elapsed="0.000194"/>
</kw>
<kw name="Log" owner="BuiltIn">
<msg time="2025-05-03T21:20:13.857868" level="INFO">Características: - Marca: Redragon - Modelo: K552 Especificações: - Teclado Mecânico de Alto Desempenho - 12 Teclas para controle Multimídia - Controle de Iluminação "On-The-Fly" - Sistema Nº Key Rollover para Anti-Ghosting em 100% das Teclas - Funcionamento da Tecla Win Alternável (Pressione FN+Win para Desligar / Ligar a Tecla) - Padrão ABNT2 - Feito Especialmente para o Mercado Brasileiro - O primeiro do Mundo em ABNT2 com teclas Padrão Double Injection - Fabricado com o Renomado Switch Mecânico Outemu: Brown - Outemu Brown: Feedback Tátil, Resistência Média, Sem Clique Audível - Iluminação com Leds Vermelhos - Construção Robusta em Metal e Plástico ABS para maior Durabilidade - Switch removível</msg>
<arg>${descricao_cadastrada}</arg>
<doc>Logs the given message with the given level.</doc>
<status status="PASS" start="2025-05-03T21:20:13.857760" elapsed="0.000155"/>
</kw>
<kw name="Log" owner="BuiltIn">
<msg time="2025-05-03T21:20:13.858118" level="INFO">Características: - Marca: Redragon - Modelo: K552 Especificações: - Teclado Mecânico de Alto Desempenho - 12 Teclas para controle Multimídia - Controle de Iluminação "On-The-Fly" - Sistema Nº Key Rollover para Anti-Ghosting em 100% das Teclas - Funcionamento da Tecla Win Alternável (Pressione FN+Win para Desligar / Ligar a Tecla) - Padrão ABNT2 - Feito Especialmente para o Mercado Brasileiro - O primeiro do Mundo em ABNT2 com teclas Padrão Double Injection - Fabricado com o Renomado Switch Mecânico Outemu: Brown - Outemu Brown: Feedback Tátil, Resistência Média, Sem Clique Audível - Iluminação com Leds Vermelhos - Construção Robusta em Metal e Plástico ABS para maior Durabilidade - Switch removível</msg>
<arg>${TEXTO_DESCRICAO}</arg>
<doc>Logs the given message with the given level.</doc>
<status status="PASS" start="2025-05-03T21:20:13.858012" elapsed="0.000156"/>
</kw>
<status status="PASS" start="2025-05-03T21:20:13.831915" elapsed="0.026317"/>
</kw>
<kw name="Fechar navegador" owner="hooks" type="TEARDOWN">
<kw name="Close Browser" owner="SeleniumLibrary">
<doc>Closes the current browser.</doc>
<status status="PASS" start="2025-05-03T21:20:13.858738" elapsed="2.126550"/>
</kw>
<status status="PASS" start="2025-05-03T21:20:13.858524" elapsed="2.126865"/>
</kw>
<tag>cadastro_dados_validos</tag>
<status status="PASS" start="2025-05-03T21:20:10.026869" elapsed="5.958733"/>
</test>
<test id="s1-t2" name="Cenario 02: Editar Cadastro de produto" line="26">
<kw name="Abrir navegador" owner="hooks" type="SETUP">
<kw name="Open Browser" owner="SeleniumLibrary">
<msg time="2025-05-03T21:20:15.987251" level="INFO">Opening browser 'chrome' to base url 'https://tecnorise-qa-interview.pages.dev/'.</msg>
<arg>${URL}</arg>
<arg>${BROWSER}</arg>
<doc>Opens a new browser instance to the optional ``url``.</doc>
<status status="PASS" start="2025-05-03T21:20:15.987076" elapsed="2.501160"/>
</kw>
<kw name="Maximize Browser Window" owner="SeleniumLibrary">
<doc>Maximizes current browser window.</doc>
<status status="PASS" start="2025-05-03T21:20:18.488450" elapsed="0.033480"/>
</kw>
<status status="PASS" start="2025-05-03T21:20:15.986847" elapsed="2.535204"/>
</kw>
<kw name="Deve poder clicar no botao Adicionar Produto" owner="page_cadastro_produto">
<kw name="Wait Until Element Is Visible" owner="SeleniumLibrary">
<arg>xpath=//*[@id="root"]/div/div[1]/button</arg>
<arg>5s</arg>
<doc>Waits until the element ``locator`` is visible.</doc>
<status status="PASS" start="2025-05-03T21:20:18.522741" elapsed="0.030114"/>
</kw>
<kw name="Click Button" owner="SeleniumLibrary">
<msg time="2025-05-03T21:20:18.553199" level="INFO">Clicking button 'xpath=//*[@id="root"]/div/div[1]/button'.</msg>
<arg>xpath=//*[@id="root"]/div/div[1]/button</arg>
<doc>Clicks the button identified by ``locator``.</doc>
<status status="PASS" start="2025-05-03T21:20:18.553028" elapsed="0.072725"/>
</kw>
<status status="PASS" start="2025-05-03T21:20:18.522487" elapsed="0.103382"/>
</kw>
<kw name="Validar se abriu modal com formulario para cadastro" owner="page_cadastro_produto">
<kw name="Wait Until Element Contains" owner="SeleniumLibrary">
<arg>xpath=//h2[contains(text(), "Cadastrar Produto")]</arg>
<arg>Cadastrar Produto</arg>
<arg>5s</arg>
<doc>Waits until the element ``locator`` contains ``text``.</doc>
<status status="PASS" start="2025-05-03T21:20:18.626449" elapsed="0.022091"/>
</kw>
<status status="PASS" start="2025-05-03T21:20:18.626196" elapsed="0.022455"/>
</kw>
<kw name="Preencher formulario campo Nome" owner="page_cadastro_produto">
<kw name="Wait Until Element Is Visible" owner="SeleniumLibrary">
<arg>xpath=//*[@id="root"]/div/div[3]/div/form/div[1]/label</arg>
<arg>5s</arg>
<doc>Waits until the element ``locator`` is visible.</doc>
<status status="PASS" start="2025-05-03T21:20:18.649254" elapsed="0.017498"/>
</kw>
<kw name="Wait Until Element Is Visible" owner="SeleniumLibrary">
<arg>xpath=//input[@placeholder="Digite o nome do produto"]</arg>
<arg>5s</arg>
<doc>Waits until the element ``locator`` is visible.</doc>
<status status="PASS" start="2025-05-03T21:20:18.666914" elapsed="0.017273"/>
</kw>
<kw name="Input Text" owner="SeleniumLibrary">
<msg time="2025-05-03T21:20:18.684570" level="INFO">Typing text 'Teclado' into text field 'xpath=//input[@placeholder="Digite o nome do produto"]'.</msg>
<arg>xpath=//input[@placeholder="Digite o nome do produto"]</arg>
<arg>${produto}</arg>
<doc>Types the given ``text`` into the text field identified by ``locator``.</doc>
<status status="PASS" start="2025-05-03T21:20:18.684358" elapsed="0.086326"/>
</kw>
<kw name="Set Global Variable" owner="BuiltIn">
<msg time="2025-05-03T21:20:18.771281" level="INFO">${NOME_PRODUTO} = Teclado</msg>
<arg>${NOME_PRODUTO}</arg>
<arg>${produto}</arg>
<doc>Makes a variable available globally in all tests and suites.</doc>
<status status="PASS" start="2025-05-03T21:20:18.770950" elapsed="0.000398"/>
</kw>
<arg>Teclado</arg>
<status status="PASS" start="2025-05-03T21:20:18.648993" elapsed="0.122434"/>
</kw>
<kw name="Preencher formulario campo Preco" owner="page_cadastro_produto">
<kw name="Wait Until Element Is Visible" owner="SeleniumLibrary">
<arg>xpath=//*[@id="root"]/div/div[3]/div/form/div[2]/label</arg>
<arg>5s</arg>
<doc>Waits until the element ``locator`` is visible.</doc>
<status status="PASS" start="2025-05-03T21:20:18.771995" elapsed="0.017586"/>
</kw>
<kw name="Wait Until Element Is Visible" owner="SeleniumLibrary">
<arg>xpath=//*[@id="root"]/div/div[3]/div/form/div[2]/input</arg>
<arg>5s</arg>
<doc>Waits until the element ``locator`` is visible.</doc>
<status status="PASS" start="2025-05-03T21:20:18.789740" elapsed="0.013511"/>
</kw>
<kw name="Input Text" owner="SeleniumLibrary">
<msg time="2025-05-03T21:20:18.803636" level="INFO">Typing text '160.00' into text field 'xpath=//*[@id="root"]/div/div[3]/div/form/div[2]/input'.</msg>
<arg>xpath=//*[@id="root"]/div/div[3]/div/form/div[2]/input</arg>
<arg>${valor}</arg>
<doc>Types the given ``text`` into the text field identified by ``locator``.</doc>
<status status="PASS" start="2025-05-03T21:20:18.803434" elapsed="0.057833"/>
</kw>
<kw name="Set Global Variable" owner="BuiltIn">
<msg time="2025-05-03T21:20:18.861630" level="INFO">${VALOR_PRODUTO} = 160.00</msg>
<arg>${VALOR_PRODUTO}</arg>
<arg>${valor}</arg>
<doc>Makes a variable available globally in all tests and suites.</doc>
<status status="PASS" start="2025-05-03T21:20:18.861433" elapsed="0.000240"/>
</kw>
<arg>160.00</arg>
<status status="PASS" start="2025-05-03T21:20:18.771722" elapsed="0.090023"/>
</kw>
<kw name="Preencher formulario campo Descricao" owner="page_cadastro_produto">
<kw name="Wait Until Element Is Visible" owner="SeleniumLibrary">
<arg>xpath=//*[@id="root"]/div/div[3]/div/form/div[3]/label</arg>
<arg>5s</arg>
<doc>Waits until the element ``locator`` is visible.</doc>
<status status="PASS" start="2025-05-03T21:20:18.862230" elapsed="0.015376"/>
</kw>
<kw name="Wait Until Element Is Visible" owner="SeleniumLibrary">
<arg>xpath=//textarea[@placeholder="Descreva o produto"]</arg>
<arg>5s</arg>
<doc>Waits until the element ``locator`` is visible.</doc>
<status status="PASS" start="2025-05-03T21:20:18.877783" elapsed="0.012991"/>
</kw>
<kw name="Input Text" owner="SeleniumLibrary">
<msg time="2025-05-03T21:20:18.891452" level="INFO">Typing text 'Características: - Marca: Redragon - Modelo: K552 Especificações: - Teclado Mecânico de Alto Desempenho - 12 Teclas para controle Multimídia - Controle de Iluminação "On-The-Fly" - Sistema Nº Key Rollover para Anti-Ghosting em 100% das Teclas - Funcionamento da Tecla Win Alternável (Pressione FN+Win para Desligar / Ligar a Tecla) - Padrão ABNT2 - Feito Especialmente para o Mercado Brasileiro - O primeiro do Mundo em ABNT2 com teclas Padrão Double Injection - Fabricado com o Renomado Switch Mecânico Outemu: Brown - Outemu Brown: Feedback Tátil, Resistência Média, Sem Clique Audível - Iluminação com Leds Vermelhos - Construção Robusta em Metal e Plástico ABS para maior Durabilidade - Switch removível' into text field 'xpath=//textarea[@placeholder="Descreva o produto"]'.</msg>
<arg>xpath=//textarea[@placeholder="Descreva o produto"]</arg>
<arg>${DESCRICAO}</arg>
<doc>Types the given ``text`` into the text field identified by ``locator``.</doc>
<status status="PASS" start="2025-05-03T21:20:18.891117" elapsed="0.731368"/>
</kw>
<kw name="Set Global Variable" owner="BuiltIn">
<msg time="2025-05-03T21:20:19.622866" level="INFO">${TEXTO_DESCRICAO} = Características: - Marca: Redragon - Modelo: K552 Especificações: - Teclado Mecânico de Alto Desempenho - 12 Teclas para controle Multimídia - Controle de Iluminação "On-The-Fly" - Sistema Nº Key Roll...</msg>
<arg>${TEXTO_DESCRICAO}</arg>
<arg>${DESCRICAO}</arg>
<doc>Makes a variable available globally in all tests and suites.</doc>
<status status="PASS" start="2025-05-03T21:20:19.622653" elapsed="0.000261"/>
</kw>
<status status="PASS" start="2025-05-03T21:20:18.862013" elapsed="0.760973"/>
</kw>
<kw name="Deve poder clicar no botao Salvar" owner="page_cadastro_produto">
<kw name="Wait Until Element Is Visible" owner="SeleniumLibrary">
<arg>xpath=//*[@id="root"]/div/div[3]/div/form/div[4]/button[2]</arg>
<arg>5s</arg>
<doc>Waits until the element ``locator`` is visible.</doc>
<status status="PASS" start="2025-05-03T21:20:19.623516" elapsed="0.017797"/>
</kw>
<kw name="Click Button" owner="SeleniumLibrary">
<msg time="2025-05-03T21:20:19.641703" level="INFO">Clicking button 'xpath=//*[@id="root"]/div/div[3]/div/form/div[4]/button[2]'.</msg>
<arg>xpath=//*[@id="root"]/div/div[3]/div/form/div[4]/button[2]</arg>
<doc>Clicks the button identified by ``locator``.</doc>
<status status="PASS" start="2025-05-03T21:20:19.641511" elapsed="0.060052"/>
</kw>
<status status="PASS" start="2025-05-03T21:20:19.623278" elapsed="0.078429"/>
</kw>
<kw name="Validar tela de Produtos Cadastrados" owner="page_cadastro_produto">
<kw name="Wait Until Element Contains" owner="SeleniumLibrary">
<arg>xpath=//h3[contains(text(), "Produtos Cadastrados")]</arg>
<arg>Produtos Cadastrados</arg>
<arg>5s</arg>
<doc>Waits until the element ``locator`` contains ``text``.</doc>
<status status="PASS" start="2025-05-03T21:20:19.702336" elapsed="0.015551"/>
</kw>
<status status="PASS" start="2025-05-03T21:20:19.702077" elapsed="0.015955"/>
</kw>
<kw name="Validar Produtos Cadastrados" owner="page_cadastro_produto">
<kw name="Wait Until Element Is Visible" owner="SeleniumLibrary">
<arg>xpath=//*[@id="root"]/div/div[2]/ul/li/div[1]/strong</arg>
<doc>Waits until the element ``locator`` is visible.</doc>
<status status="PASS" start="2025-05-03T21:20:19.718688" elapsed="0.015701"/>
</kw>
<kw name="Get Text" owner="SeleniumLibrary">
<msg time="2025-05-03T21:20:19.748005" level="INFO">${produto_cadastrado} = Teclado</msg>
<var>${produto_cadastrado}</var>
<arg>xpath=//*[@id="root"]/div/div[2]/ul/li/div[1]/strong</arg>
<doc>Returns the text value of the element identified by ``locator``.</doc>
<status status="PASS" start="2025-05-03T21:20:19.734570" elapsed="0.013478"/>
</kw>
<kw name="Should Be Equal" owner="BuiltIn">
<arg>${produto_cadastrado}</arg>
<arg>${NOME_PRODUTO}</arg>
<doc>Fails if the given objects are unequal.</doc>
<status status="PASS" start="2025-05-03T21:20:19.748191" elapsed="0.000201"/>
</kw>
<kw name="Log" owner="BuiltIn">
<msg time="2025-05-03T21:20:19.748595" level="INFO">Teclado</msg>
<arg>${produto_cadastrado}</arg>
<doc>Logs the given message with the given level.</doc>
<status status="PASS" start="2025-05-03T21:20:19.748491" elapsed="0.000145"/>
</kw>
<kw name="Log" owner="BuiltIn">
<msg time="2025-05-03T21:20:19.748824" level="INFO">Teclado</msg>
<arg>${NOME_PRODUTO}</arg>
<doc>Logs the given message with the given level.</doc>
<status status="PASS" start="2025-05-03T21:20:19.748724" elapsed="0.000141"/>
</kw>
<status status="PASS" start="2025-05-03T21:20:19.718396" elapsed="0.030530"/>
</kw>
<kw name="Validar Valor do Produto Cadastrado" owner="page_cadastro_produto">
<kw name="Wait Until Element Contains" owner="SeleniumLibrary">
<arg>xpath=//*[@id="root"]/div/div[2]/ul/li/div[1]</arg>
<arg>160.00</arg>
<doc>Waits until the element ``locator`` contains ``text``.</doc>
<status status="PASS" start="2025-05-03T21:20:19.749471" elapsed="0.017622"/>
</kw>
<kw name="Log" owner="BuiltIn">
<msg time="2025-05-03T21:20:19.767400" level="INFO">160.00</msg>
<arg>${VALOR_PRODUTO}</arg>
<doc>Logs the given message with the given level.</doc>
<status status="PASS" start="2025-05-03T21:20:19.767244" elapsed="0.000200"/>
</kw>
<status status="PASS" start="2025-05-03T21:20:19.749272" elapsed="0.018235"/>
</kw>
<kw name="Validar Descricao do Produto Cadastrado" owner="page_cadastro_produto">
<kw name="Wait Until Element Is Visible" owner="SeleniumLibrary">
<arg>xpath=//*[@id="root"]/div/div[2]/ul/li/div[1]/p</arg>
<arg>5s</arg>
<doc>Waits until the element ``locator`` is visible.</doc>
<status status="PASS" start="2025-05-03T21:20:19.767968" elapsed="0.012882"/>
</kw>
<kw name="Get Text" owner="SeleniumLibrary">
<msg time="2025-05-03T21:20:19.792462" level="INFO">${descricao_cadastrada} = Características: - Marca: Redragon - Modelo: K552 Especificações: - Teclado Mecânico de Alto Desempenho - 12 Teclas para controle Multimídia - Controle de Iluminação "On-The-Fly" - Sistema Nº Key Roll...</msg>
<var>${descricao_cadastrada}</var>
<arg>xpath=//*[@id="root"]/div/div[2]/ul/li/div[1]/p</arg>
<doc>Returns the text value of the element identified by ``locator``.</doc>
<status status="PASS" start="2025-05-03T21:20:19.781011" elapsed="0.011496"/>
</kw>
<kw name="Should Be Equal" owner="BuiltIn">
<arg>${descricao_cadastrada}</arg>
<arg>${TEXTO_DESCRICAO}</arg>
<doc>Fails if the given objects are unequal.</doc>
<status status="PASS" start="2025-05-03T21:20:19.792661" elapsed="0.000189"/>
</kw>
<kw name="Log" owner="BuiltIn">
<msg time="2025-05-03T21:20:19.793067" level="INFO">Características: - Marca: Redragon - Modelo: K552 Especificações: - Teclado Mecânico de Alto Desempenho - 12 Teclas para controle Multimídia - Controle de Iluminação "On-The-Fly" - Sistema Nº Key Rollover para Anti-Ghosting em 100% das Teclas - Funcionamento da Tecla Win Alternável (Pressione FN+Win para Desligar / Ligar a Tecla) - Padrão ABNT2 - Feito Especialmente para o Mercado Brasileiro - O primeiro do Mundo em ABNT2 com teclas Padrão Double Injection - Fabricado com o Renomado Switch Mecânico Outemu: Brown - Outemu Brown: Feedback Tátil, Resistência Média, Sem Clique Audível - Iluminação com Leds Vermelhos - Construção Robusta em Metal e Plástico ABS para maior Durabilidade - Switch removível</msg>
<arg>${descricao_cadastrada}</arg>
<doc>Logs the given message with the given level.</doc>
<status status="PASS" start="2025-05-03T21:20:19.792960" elapsed="0.000157"/>
</kw>
<kw name="Log" owner="BuiltIn">
<msg time="2025-05-03T21:20:19.793321" level="INFO">Características: - Marca: Redragon - Modelo: K552 Especificações: - Teclado Mecânico de Alto Desempenho - 12 Teclas para controle Multimídia - Controle de Iluminação "On-The-Fly" - Sistema Nº Key Rollover para Anti-Ghosting em 100% das Teclas - Funcionamento da Tecla Win Alternável (Pressione FN+Win para Desligar / Ligar a Tecla) - Padrão ABNT2 - Feito Especialmente para o Mercado Brasileiro - O primeiro do Mundo em ABNT2 com teclas Padrão Double Injection - Fabricado com o Renomado Switch Mecânico Outemu: Brown - Outemu Brown: Feedback Tátil, Resistência Média, Sem Clique Audível - Iluminação com Leds Vermelhos - Construção Robusta em Metal e Plástico ABS para maior Durabilidade - Switch removível</msg>
<arg>${TEXTO_DESCRICAO}</arg>
<doc>Logs the given message with the given level.</doc>
<status status="PASS" start="2025-05-03T21:20:19.793215" elapsed="0.000152"/>
</kw>
<status status="PASS" start="2025-05-03T21:20:19.767775" elapsed="0.025655"/>
</kw>
<kw name="Deve poder clicar no botao Editar" owner="page_cadastro_produto">
<kw name="Wait Until Element Is Visible" owner="SeleniumLibrary">
<arg>xpath=//*[@id="root"]/div/div[2]/ul/li/div[2]/button[1]</arg>
<arg>5s</arg>
<doc>Waits until the element ``locator`` is visible.</doc>
<status status="PASS" start="2025-05-03T21:20:19.793855" elapsed="0.013296"/>
</kw>
<kw name="Click Button" owner="SeleniumLibrary">
<msg time="2025-05-03T21:20:19.807466" level="INFO">Clicking button 'xpath=//*[@id="root"]/div/div[2]/ul/li/div[2]/button[1]'.</msg>
<arg>xpath=//*[@id="root"]/div/div[2]/ul/li/div[2]/button[1]</arg>
<doc>Clicks the button identified by ``locator``.</doc>
<status status="PASS" start="2025-05-03T21:20:19.807311" elapsed="0.055532"/>
</kw>
<status status="PASS" start="2025-05-03T21:20:19.793658" elapsed="0.069284"/>
</kw>
<kw name="Validar se abriu modal com formulario para Editar Produto" owner="page_cadastro_produto">
<kw name="Wait Until Element Contains" owner="SeleniumLibrary">
<arg>xpath=//h2[contains(text(), "Editar Produto")]</arg>
<arg>Editar Produto</arg>
<arg>5s</arg>
<doc>Waits until the element ``locator`` contains ``text``.</doc>
<status status="PASS" start="2025-05-03T21:20:19.863509" elapsed="0.018757"/>
</kw>
<status status="PASS" start="2025-05-03T21:20:19.863269" elapsed="0.019123"/>
</kw>
<kw name="Deve poder editar formulario campo Nome" owner="page_cadastro_produto">
<kw name="Wait Until Element Is Visible" owner="SeleniumLibrary">
<arg>xpath=//*[@id="root"]/div/div[3]/div/form/div[1]/label</arg>
<arg>5s</arg>
<doc>Waits until the element ``locator`` is visible.</doc>
<status status="PASS" start="2025-05-03T21:20:19.882953" elapsed="0.012132"/>
</kw>
<kw name="Input Text" owner="SeleniumLibrary">
<msg time="2025-05-03T21:20:19.895455" level="INFO">Typing text 'Monitor' into text field 'xpath=//input[@placeholder="Digite o nome do produto"]'.</msg>
<arg>xpath=//input[@placeholder="Digite o nome do produto"]</arg>
<arg>${produto_editado}</arg>
<doc>Types the given ``text`` into the text field identified by ``locator``.</doc>
<status status="PASS" start="2025-05-03T21:20:19.895255" elapsed="0.065598"/>
</kw>
<kw name="Set Global Variable" owner="BuiltIn">
<msg time="2025-05-03T21:20:19.962433" level="INFO">${NOME_PRODUTO_EDITADO} = Monitor</msg>
<arg>${NOME_PRODUTO_EDITADO}</arg>
<arg>${produto_editado}</arg>
<doc>Makes a variable available globally in all tests and suites.</doc>
<status status="PASS" start="2025-05-03T21:20:19.961437" elapsed="0.001046"/>
</kw>
<arg>Monitor</arg>
<status status="PASS" start="2025-05-03T21:20:19.882691" elapsed="0.079861"/>
</kw>
<kw name="Deve poder editar formulario campo Preco" owner="page_cadastro_produto">
<kw name="Wait Until Element Is Visible" owner="SeleniumLibrary">
<arg>xpath=//*[@id="root"]/div/div[3]/div/form/div[2]/label</arg>
<arg>5s</arg>
<doc>Waits until the element ``locator`` is visible.</doc>
<status status="PASS" start="2025-05-03T21:20:19.963048" elapsed="0.010359"/>
</kw>
<kw name="Wait Until Element Is Visible" owner="SeleniumLibrary">
<arg>xpath=//*[@id="root"]/div/div[3]/div/form/div[2]/input</arg>
<arg>5s</arg>
<doc>Waits until the element ``locator`` is visible.</doc>
<status status="PASS" start="2025-05-03T21:20:19.973587" elapsed="0.011015"/>
</kw>
<kw name="Input Text" owner="SeleniumLibrary">
<msg time="2025-05-03T21:20:19.985123" level="INFO">Typing text '1569.32' into text field 'xpath=//*[@id="root"]/div/div[3]/div/form/div[2]/input'.</msg>
<arg>xpath=//*[@id="root"]/div/div[3]/div/form/div[2]/input</arg>
<arg>${valor_editado}</arg>
<doc>Types the given ``text`` into the text field identified by ``locator``.</doc>
<status status="PASS" start="2025-05-03T21:20:19.984846" elapsed="0.072838"/>
</kw>
<kw name="Set Global Variable" owner="BuiltIn">
<msg time="2025-05-03T21:20:20.058411" level="INFO">${VALOR_PRODUTO_EDITADO} = 1569.32</msg>
<arg>${VALOR_PRODUTO_EDITADO}</arg>
<arg>${valor_editado}</arg>
<doc>Makes a variable available globally in all tests and suites.</doc>
<status status="PASS" start="2025-05-03T21:20:20.057853" elapsed="0.000605"/>
</kw>
<arg>1569.32</arg>
<status status="PASS" start="2025-05-03T21:20:19.962822" elapsed="0.095706"/>
</kw>
<kw name="Deve poder editar formulario campo Descricao" owner="page_cadastro_produto">
<kw name="Wait Until Element Is Visible" owner="SeleniumLibrary">
<arg>xpath=//*[@id="root"]/div/div[3]/div/form/div[3]/label</arg>
<arg>5s</arg>
<doc>Waits until the element ``locator`` is visible.</doc>
<status status="PASS" start="2025-05-03T21:20:20.059003" elapsed="0.012603"/>
</kw>
<kw name="Wait Until Element Is Visible" owner="SeleniumLibrary">
<arg>xpath=//textarea[@placeholder="Descreva o produto"]</arg>
<arg>5s</arg>
<doc>Waits until the element ``locator`` is visible.</doc>
<status status="PASS" start="2025-05-03T21:20:20.071822" elapsed="0.010319"/>
</kw>
<kw name="Input Text" owner="SeleniumLibrary">
<msg time="2025-05-03T21:20:20.082496" level="INFO">Typing text 'Monitor Gamer AOC DESTINY 25" 240Hz 0,5ms FreeSync Premium 25G3ZM' into text field 'xpath=//textarea[@placeholder="Descreva o produto"]'.</msg>
<arg>xpath=//textarea[@placeholder="Descreva o produto"]</arg>
<arg>${DESCRICAO_EDITADA}</arg>
<doc>Types the given ``text`` into the text field identified by ``locator``.</doc>
<status status="PASS" start="2025-05-03T21:20:20.082297" elapsed="0.117802"/>
</kw>
<status status="PASS" start="2025-05-03T21:20:20.058793" elapsed="0.141408"/>
</kw>
<kw name="Deve poder clicar no botao Salvar" owner="page_cadastro_produto">
<kw name="Wait Until Element Is Visible" owner="SeleniumLibrary">
<arg>xpath=//*[@id="root"]/div/div[3]/div/form/div[4]/button[2]</arg>
<arg>5s</arg>
<doc>Waits until the element ``locator`` is visible.</doc>
<status status="PASS" start="2025-05-03T21:20:20.200719" elapsed="0.009417"/>
</kw>
<kw name="Click Button" owner="SeleniumLibrary">
<msg time="2025-05-03T21:20:20.210440" level="INFO">Clicking button 'xpath=//*[@id="root"]/div/div[3]/div/form/div[4]/button[2]'.</msg>
<arg>xpath=//*[@id="root"]/div/div[3]/div/form/div[4]/button[2]</arg>
<doc>Clicks the button identified by ``locator``.</doc>
<status status="PASS" start="2025-05-03T21:20:20.210282" elapsed="0.048712"/>
</kw>
<status status="PASS" start="2025-05-03T21:20:20.200478" elapsed="0.058622"/>
</kw>
<kw name="Validar tela de Produtos Cadastrados" owner="page_cadastro_produto">
<kw name="Wait Until Element Contains" owner="SeleniumLibrary">
<arg>xpath=//h3[contains(text(), "Produtos Cadastrados")]</arg>
<arg>Produtos Cadastrados</arg>
<arg>5s</arg>
<doc>Waits until the element ``locator`` contains ``text``.</doc>
<status status="PASS" start="2025-05-03T21:20:20.259743" elapsed="0.011599"/>
</kw>
<status status="PASS" start="2025-05-03T21:20:20.259487" elapsed="0.011958"/>
</kw>
<kw name="Validar Produto editado" owner="page_cadastro_produto">
<kw name="Wait Until Element Is Visible" owner="SeleniumLibrary">
<arg>xpath=//*[@id="root"]/div/div[2]/ul/li/div[1]/strong</arg>
<doc>Waits until the element ``locator`` is visible.</doc>
<status status="PASS" start="2025-05-03T21:20:20.271906" elapsed="0.010567"/>
</kw>
<kw name="Get Text" owner="SeleniumLibrary">
<msg time="2025-05-03T21:20:20.293360" level="INFO">${captura_produto_editado} = Monitor</msg>
<var>${captura_produto_editado}</var>
<arg>xpath=//*[@id="root"]/div/div[2]/ul/li/div[1]/strong</arg>
<doc>Returns the text value of the element identified by ``locator``.</doc>
<status status="PASS" start="2025-05-03T21:20:20.282631" elapsed="0.010771"/>
</kw>
<kw name="Should Be Equal" owner="BuiltIn">
<arg>${captura_produto_editado}</arg>
<arg>${NOME_PRODUTO_EDITADO}</arg>
<doc>Fails if the given objects are unequal.</doc>
<status status="PASS" start="2025-05-03T21:20:20.293542" elapsed="0.000190"/>
</kw>
<kw name="Log" owner="BuiltIn">
<msg time="2025-05-03T21:20:20.293942" level="INFO">Monitor</msg>
<arg>${captura_produto_editado}</arg>
<doc>Logs the given message with the given level.</doc>
<status status="PASS" start="2025-05-03T21:20:20.293837" elapsed="0.000145"/>
</kw>
<kw name="Log" owner="BuiltIn">
<msg time="2025-05-03T21:20:20.294174" level="INFO">Monitor</msg>
<arg>${NOME_PRODUTO_EDITADO}</arg>
<doc>Logs the given message with the given level.</doc>
<status status="PASS" start="2025-05-03T21:20:20.294071" elapsed="0.000142"/>
</kw>
<status status="PASS" start="2025-05-03T21:20:20.271691" elapsed="0.022583"/>
</kw>
<kw name="Validar Valor editado" owner="page_cadastro_produto">
<kw name="Wait Until Element Contains" owner="SeleniumLibrary">
<arg>xpath=//*[@id="root"]/div/div[2]/ul/li/div[1]</arg>
<arg>${VALOR_PRODUTO_EDITADO}</arg>
<doc>Waits until the element ``locator`` contains ``text``.</doc>
<status status="PASS" start="2025-05-03T21:20:20.294684" elapsed="0.010260"/>
</kw>
<kw name="Log" owner="BuiltIn">
<msg time="2025-05-03T21:20:20.305321" level="INFO">1569.32</msg>
<arg>${VALOR_PRODUTO_EDITADO}</arg>
<doc>Logs the given message with the given level.</doc>
<status status="PASS" start="2025-05-03T21:20:20.305140" elapsed="0.000228"/>
</kw>
<status status="PASS" start="2025-05-03T21:20:20.294497" elapsed="0.010937"/>
</kw>
<kw name="Validar Descricao editada" owner="page_cadastro_produto">
<kw name="Wait Until Element Is Visible" owner="SeleniumLibrary">
<arg>xpath=//*[@id="root"]/div/div[2]/ul/li/div[1]/p</arg>
<arg>5s</arg>
<doc>Waits until the element ``locator`` is visible.</doc>
<status status="PASS" start="2025-05-03T21:20:20.305934" elapsed="0.010747"/>
</kw>
<kw name="Get Text" owner="SeleniumLibrary">
<msg time="2025-05-03T21:20:20.327844" level="INFO">${captura_descricao_editada} = Monitor Gamer AOC DESTINY 25" 240Hz 0,5ms FreeSync Premium 25G3ZM</msg>
<var>${captura_descricao_editada}</var>
<arg>xpath=//*[@id="root"]/div/div[2]/ul/li/div[1]/p</arg>
<doc>Returns the text value of the element identified by ``locator``.</doc>
<status status="PASS" start="2025-05-03T21:20:20.316837" elapsed="0.011050"/>
</kw>
<kw name="Should Be Equal" owner="BuiltIn">
<arg>${captura_descricao_editada}</arg>
<arg>${DESCRICAO_EDITADA}</arg>
<doc>Fails if the given objects are unequal.</doc>
<status status="PASS" start="2025-05-03T21:20:20.328026" elapsed="0.000191"/>
</kw>
<kw name="Log" owner="BuiltIn">
<msg time="2025-05-03T21:20:20.328482" level="INFO">Monitor Gamer AOC DESTINY 25" 240Hz 0,5ms FreeSync Premium 25G3ZM</msg>
<arg>${captura_descricao_editada}</arg>
<doc>Logs the given message with the given level.</doc>
<status status="PASS" start="2025-05-03T21:20:20.328372" elapsed="0.000151"/>
</kw>
<kw name="Log" owner="BuiltIn">
<msg time="2025-05-03T21:20:20.328726" level="INFO">Monitor Gamer AOC DESTINY 25" 240Hz 0,5ms FreeSync Premium 25G3ZM</msg>
<arg>${DESCRICAO_EDITADA}</arg>
<doc>Logs the given message with the given level.</doc>
<status status="PASS" start="2025-05-03T21:20:20.328611" elapsed="0.000160"/>
</kw>
<status status="PASS" start="2025-05-03T21:20:20.305701" elapsed="0.023133"/>
</kw>
<kw name="Fechar navegador" owner="hooks" type="TEARDOWN">
<kw name="Close Browser" owner="SeleniumLibrary">
<doc>Closes the current browser.</doc>
<status status="PASS" start="2025-05-03T21:20:20.329318" elapsed="2.124395"/>
</kw>
<status status="PASS" start="2025-05-03T21:20:20.329115" elapsed="2.124702"/>
</kw>
<tag>editar_cadastro</tag>
<status status="PASS" start="2025-05-03T21:20:15.986416" elapsed="6.467673"/>
</test>
<test id="s1-t3" name="Cenario 03: Excluir Cadastro de produto" line="49">
<kw name="Abrir navegador" owner="hooks" type="SETUP">
<kw name="Open Browser" owner="SeleniumLibrary">
<msg time="2025-05-03T21:20:22.455780" level="INFO">Opening browser 'chrome' to base url 'https://tecnorise-qa-interview.pages.dev/'.</msg>
<arg>${URL}</arg>
<arg>${BROWSER}</arg>
<doc>Opens a new browser instance to the optional ``url``.</doc>
<status status="PASS" start="2025-05-03T21:20:22.455614" elapsed="2.564659"/>
</kw>
<kw name="Maximize Browser Window" owner="SeleniumLibrary">
<doc>Maximizes current browser window.</doc>
<status status="PASS" start="2025-05-03T21:20:25.020449" elapsed="0.040396"/>
</kw>
<status status="PASS" start="2025-05-03T21:20:22.455393" elapsed="2.605553"/>
</kw>
<kw name="Deve poder clicar no botao Adicionar Produto" owner="page_cadastro_produto">
<kw name="Wait Until Element Is Visible" owner="SeleniumLibrary">
<arg>xpath=//*[@id="root"]/div/div[1]/button</arg>
<arg>5s</arg>
<doc>Waits until the element ``locator`` is visible.</doc>
<status status="PASS" start="2025-05-03T21:20:25.061467" elapsed="0.027362"/>
</kw>
<kw name="Click Button" owner="SeleniumLibrary">
<msg time="2025-05-03T21:20:25.089145" level="INFO">Clicking button 'xpath=//*[@id="root"]/div/div[1]/button'.</msg>
<arg>xpath=//*[@id="root"]/div/div[1]/button</arg>
<doc>Clicks the button identified by ``locator``.</doc>
<status status="PASS" start="2025-05-03T21:20:25.088987" elapsed="0.067156"/>
</kw>
<status status="PASS" start="2025-05-03T21:20:25.061226" elapsed="0.095016"/>
</kw>
<kw name="Validar se abriu modal com formulario para cadastro" owner="page_cadastro_produto">
<kw name="Wait Until Element Contains" owner="SeleniumLibrary">
<arg>xpath=//h2[contains(text(), "Cadastrar Produto")]</arg>
<arg>Cadastrar Produto</arg>
<arg>5s</arg>
<doc>Waits until the element ``locator`` contains ``text``.</doc>
<status status="PASS" start="2025-05-03T21:20:25.156754" elapsed="0.020133"/>
</kw>
<status status="PASS" start="2025-05-03T21:20:25.156524" elapsed="0.020474"/>
</kw>
<kw name="Preencher formulario campo Nome" owner="page_cadastro_produto">
<kw name="Wait Until Element Is Visible" owner="SeleniumLibrary">
<arg>xpath=//*[@id="root"]/div/div[3]/div/form/div[1]/label</arg>
<arg>5s</arg>
<doc>Waits until the element ``locator`` is visible.</doc>
<status status="PASS" start="2025-05-03T21:20:25.177611" elapsed="0.016911"/>
</kw>
<kw name="Wait Until Element Is Visible" owner="SeleniumLibrary">
<arg>xpath=//input[@placeholder="Digite o nome do produto"]</arg>
<arg>5s</arg>
<doc>Waits until the element ``locator`` is visible.</doc>
<status status="PASS" start="2025-05-03T21:20:25.194686" elapsed="0.015005"/>
</kw>
<kw name="Input Text" owner="SeleniumLibrary">
<msg time="2025-05-03T21:20:25.210045" level="INFO">Typing text 'Teclado' into text field 'xpath=//input[@placeholder="Digite o nome do produto"]'.</msg>
<arg>xpath=//input[@placeholder="Digite o nome do produto"]</arg>
<arg>${produto}</arg>
<doc>Types the given ``text`` into the text field identified by ``locator``.</doc>
<status status="PASS" start="2025-05-03T21:20:25.209850" elapsed="0.080614"/>
</kw>
<kw name="Set Global Variable" owner="BuiltIn">
<msg time="2025-05-03T21:20:25.290865" level="INFO">${NOME_PRODUTO} = Teclado</msg>
<arg>${NOME_PRODUTO}</arg>
<arg>${produto}</arg>
<doc>Makes a variable available globally in all tests and suites.</doc>
<status status="PASS" start="2025-05-03T21:20:25.290649" elapsed="0.000289"/>
</kw>
<arg>Teclado</arg>
<status status="PASS" start="2025-05-03T21:20:25.177343" elapsed="0.113672"/>
</kw>
<kw name="Preencher formulario campo Preco" owner="page_cadastro_produto">
<kw name="Wait Until Element Is Visible" owner="SeleniumLibrary">
<arg>xpath=//*[@id="root"]/div/div[3]/div/form/div[2]/label</arg>
<arg>5s</arg>
<doc>Waits until the element ``locator`` is visible.</doc>
<status status="PASS" start="2025-05-03T21:20:25.291937" elapsed="0.014472"/>
</kw>
<kw name="Wait Until Element Is Visible" owner="SeleniumLibrary">
<arg>xpath=//*[@id="root"]/div/div[3]/div/form/div[2]/input</arg>
<arg>5s</arg>
<doc>Waits until the element ``locator`` is visible.</doc>
<status status="PASS" start="2025-05-03T21:20:25.306577" elapsed="0.014248"/>
</kw>
<kw name="Input Text" owner="SeleniumLibrary">
<msg time="2025-05-03T21:20:25.321189" level="INFO">Typing text '160.00' into text field 'xpath=//*[@id="root"]/div/div[3]/div/form/div[2]/input'.</msg>
<arg>xpath=//*[@id="root"]/div/div[3]/div/form/div[2]/input</arg>
<arg>${valor}</arg>
<doc>Types the given ``text`` into the text field identified by ``locator``.</doc>
<status status="PASS" start="2025-05-03T21:20:25.320984" elapsed="0.061833"/>
</kw>
<kw name="Set Global Variable" owner="BuiltIn">
<msg time="2025-05-03T21:20:25.383189" level="INFO">${VALOR_PRODUTO} = 160.00</msg>
<arg>${VALOR_PRODUTO}</arg>
<arg>${valor}</arg>
<doc>Makes a variable available globally in all tests and suites.</doc>
<status status="PASS" start="2025-05-03T21:20:25.382979" elapsed="0.000253"/>
</kw>
<arg>160.00</arg>
<status status="PASS" start="2025-05-03T21:20:25.291436" elapsed="0.091865"/>
</kw>
<kw name="Preencher formulario campo Descricao" owner="page_cadastro_produto">
<kw name="Wait Until Element Is Visible" owner="SeleniumLibrary">
<arg>xpath=//*[@id="root"]/div/div[3]/div/form/div[3]/label</arg>
<arg>5s</arg>
<doc>Waits until the element ``locator`` is visible.</doc>
<status status="PASS" start="2025-05-03T21:20:25.383768" elapsed="0.014617"/>
</kw>
<kw name="Wait Until Element Is Visible" owner="SeleniumLibrary">
<arg>xpath=//textarea[@placeholder="Descreva o produto"]</arg>
<arg>5s</arg>
<doc>Waits until the element ``locator`` is visible.</doc>
<status status="PASS" start="2025-05-03T21:20:25.398600" elapsed="0.013453"/>
</kw>
<kw name="Input Text" owner="SeleniumLibrary">
<msg time="2025-05-03T21:20:25.412500" level="INFO">Typing text 'Características: - Marca: Redragon - Modelo: K552 Especificações: - Teclado Mecânico de Alto Desempenho - 12 Teclas para controle Multimídia - Controle de Iluminação "On-The-Fly" - Sistema Nº Key Rollover para Anti-Ghosting em 100% das Teclas - Funcionamento da Tecla Win Alternável (Pressione FN+Win para Desligar / Ligar a Tecla) - Padrão ABNT2 - Feito Especialmente para o Mercado Brasileiro - O primeiro do Mundo em ABNT2 com teclas Padrão Double Injection - Fabricado com o Renomado Switch Mecânico Outemu: Brown - Outemu Brown: Feedback Tátil, Resistência Média, Sem Clique Audível - Iluminação com Leds Vermelhos - Construção Robusta em Metal e Plástico ABS para maior Durabilidade - Switch removível' into text field 'xpath=//textarea[@placeholder="Descreva o produto"]'.</msg>
<arg>xpath=//textarea[@placeholder="Descreva o produto"]</arg>
<arg>${DESCRICAO}</arg>
<doc>Types the given ``text`` into the text field identified by ``locator``.</doc>
<status status="PASS" start="2025-05-03T21:20:25.412254" elapsed="0.735553"/>
</kw>
<kw name="Set Global Variable" owner="BuiltIn">
<msg time="2025-05-03T21:20:26.148199" level="INFO">${TEXTO_DESCRICAO} = Características: - Marca: Redragon - Modelo: K552 Especificações: - Teclado Mecânico de Alto Desempenho - 12 Teclas para controle Multimídia - Controle de Iluminação "On-The-Fly" - Sistema Nº Key Roll...</msg>
<arg>${TEXTO_DESCRICAO}</arg>
<arg>${DESCRICAO}</arg>
<doc>Makes a variable available globally in all tests and suites.</doc>
<status status="PASS" start="2025-05-03T21:20:26.147973" elapsed="0.000273"/>
</kw>
<status status="PASS" start="2025-05-03T21:20:25.383561" elapsed="0.764765"/>
</kw>
<kw name="Deve poder clicar no botao Salvar" owner="page_cadastro_produto">
<kw name="Wait Until Element Is Visible" owner="SeleniumLibrary">
<arg>xpath=//*[@id="root"]/div/div[3]/div/form/div[4]/button[2]</arg>
<arg>5s</arg>
<doc>Waits until the element ``locator`` is visible.</doc>
<status status="PASS" start="2025-05-03T21:20:26.148829" elapsed="0.015549"/>
</kw>
<kw name="Click Button" owner="SeleniumLibrary">
<msg time="2025-05-03T21:20:26.164770" level="INFO">Clicking button 'xpath=//*[@id="root"]/div/div[3]/div/form/div[4]/button[2]'.</msg>
<arg>xpath=//*[@id="root"]/div/div[3]/div/form/div[4]/button[2]</arg>
<doc>Clicks the button identified by ``locator``.</doc>
<status status="PASS" start="2025-05-03T21:20:26.164549" elapsed="0.059812"/>
</kw>
<status status="PASS" start="2025-05-03T21:20:26.148598" elapsed="0.075892"/>
</kw>
<kw name="Validar tela de Produtos Cadastrados" owner="page_cadastro_produto">
<kw name="Wait Until Element Contains" owner="SeleniumLibrary">
<arg>xpath=//h3[contains(text(), "Produtos Cadastrados")]</arg>
<arg>Produtos Cadastrados</arg>
<arg>5s</arg>
<doc>Waits until the element ``locator`` contains ``text``.</doc>
<status status="PASS" start="2025-05-03T21:20:26.225373" elapsed="0.015101"/>
</kw>
<status status="PASS" start="2025-05-03T21:20:26.224943" elapsed="0.015649"/>
</kw>
<kw name="Validar Produtos Cadastrados" owner="page_cadastro_produto">
<kw name="Wait Until Element Is Visible" owner="SeleniumLibrary">
<arg>xpath=//*[@id="root"]/div/div[2]/ul/li/div[1]/strong</arg>
<doc>Waits until the element ``locator`` is visible.</doc>
<status status="PASS" start="2025-05-03T21:20:26.241153" elapsed="0.014567"/>
</kw>
<kw name="Get Text" owner="SeleniumLibrary">
<msg time="2025-05-03T21:20:26.267474" level="INFO">${produto_cadastrado} = Teclado</msg>
<var>${produto_cadastrado}</var>
<arg>xpath=//*[@id="root"]/div/div[2]/ul/li/div[1]/strong</arg>
<doc>Returns the text value of the element identified by ``locator``.</doc>
<status status="PASS" start="2025-05-03T21:20:26.255884" elapsed="0.011634"/>
</kw>
<kw name="Should Be Equal" owner="BuiltIn">
<arg>${produto_cadastrado}</arg>
<arg>${NOME_PRODUTO}</arg>
<doc>Fails if the given objects are unequal.</doc>
<status status="PASS" start="2025-05-03T21:20:26.267665" elapsed="0.000194"/>
</kw>
<kw name="Log" owner="BuiltIn">
<msg time="2025-05-03T21:20:26.268070" level="INFO">Teclado</msg>
<arg>${produto_cadastrado}</arg>
<doc>Logs the given message with the given level.</doc>
<status status="PASS" start="2025-05-03T21:20:26.267964" elapsed="0.000148"/>
</kw>
<kw name="Log" owner="BuiltIn">
<msg time="2025-05-03T21:20:26.268301" level="INFO">Teclado</msg>
<arg>${NOME_PRODUTO}</arg>
<doc>Logs the given message with the given level.</doc>
<status status="PASS" start="2025-05-03T21:20:26.268202" elapsed="0.000138"/>
</kw>
<status status="PASS" start="2025-05-03T21:20:26.240888" elapsed="0.027517"/>
</kw>
<kw name="Validar Valor do Produto Cadastrado" owner="page_cadastro_produto">
<kw name="Wait Until Element Contains" owner="SeleniumLibrary">
<arg>xpath=//*[@id="root"]/div/div[2]/ul/li/div[1]</arg>
<arg>160.00</arg>
<doc>Waits until the element ``locator`` contains ``text``.</doc>
<status status="PASS" start="2025-05-03T21:20:26.269056" elapsed="0.017009"/>
</kw>
<kw name="Log" owner="BuiltIn">
<msg time="2025-05-03T21:20:26.286360" level="INFO">160.00</msg>
<arg>${VALOR_PRODUTO}</arg>
<doc>Logs the given message with the given level.</doc>
<status status="PASS" start="2025-05-03T21:20:26.286218" elapsed="0.000185"/>
</kw>
<status status="PASS" start="2025-05-03T21:20:26.268831" elapsed="0.017636"/>
</kw>
<kw name="Validar Descricao do Produto Cadastrado" owner="page_cadastro_produto">
<kw name="Wait Until Element Is Visible" owner="SeleniumLibrary">
<arg>xpath=//*[@id="root"]/div/div[2]/ul/li/div[1]/p</arg>
<arg>5s</arg>
<doc>Waits until the element ``locator`` is visible.</doc>
<status status="PASS" start="2025-05-03T21:20:26.286882" elapsed="0.014500"/>
</kw>
<kw name="Get Text" owner="SeleniumLibrary">
<msg time="2025-05-03T21:20:26.313068" level="INFO">${descricao_cadastrada} = Características: - Marca: Redragon - Modelo: K552 Especificações: - Teclado Mecânico de Alto Desempenho - 12 Teclas para controle Multimídia - Controle de Iluminação "On-The-Fly" - Sistema Nº Key Roll...</msg>
<var>${descricao_cadastrada}</var>
<arg>xpath=//*[@id="root"]/div/div[2]/ul/li/div[1]/p</arg>
<doc>Returns the text value of the element identified by ``locator``.</doc>
<status status="PASS" start="2025-05-03T21:20:26.301539" elapsed="0.011589"/>
</kw>
<kw name="Should Be Equal" owner="BuiltIn">
<arg>${descricao_cadastrada}</arg>
<arg>${TEXTO_DESCRICAO}</arg>
<doc>Fails if the given objects are unequal.</doc>
<status status="PASS" start="2025-05-03T21:20:26.313515" elapsed="0.000269"/>
</kw>
<kw name="Log" owner="BuiltIn">
<msg time="2025-05-03T21:20:26.314003" level="INFO">Características: - Marca: Redragon - Modelo: K552 Especificações: - Teclado Mecânico de Alto Desempenho - 12 Teclas para controle Multimídia - Controle de Iluminação "On-The-Fly" - Sistema Nº Key Rollover para Anti-Ghosting em 100% das Teclas - Funcionamento da Tecla Win Alternável (Pressione FN+Win para Desligar / Ligar a Tecla) - Padrão ABNT2 - Feito Especialmente para o Mercado Brasileiro - O primeiro do Mundo em ABNT2 com teclas Padrão Double Injection - Fabricado com o Renomado Switch Mecânico Outemu: Brown - Outemu Brown: Feedback Tátil, Resistência Média, Sem Clique Audível - Iluminação com Leds Vermelhos - Construção Robusta em Metal e Plástico ABS para maior Durabilidade - Switch removível</msg>
<arg>${descricao_cadastrada}</arg>
<doc>Logs the given message with the given level.</doc>
<status status="PASS" start="2025-05-03T21:20:26.313892" elapsed="0.000170"/>
</kw>
<kw name="Log" owner="BuiltIn">
<msg time="2025-05-03T21:20:26.314257" level="INFO">Características: - Marca: Redragon - Modelo: K552 Especificações: - Teclado Mecânico de Alto Desempenho - 12 Teclas para controle Multimídia - Controle de Iluminação "On-The-Fly" - Sistema Nº Key Rollover para Anti-Ghosting em 100% das Teclas - Funcionamento da Tecla Win Alternável (Pressione FN+Win para Desligar / Ligar a Tecla) - Padrão ABNT2 - Feito Especialmente para o Mercado Brasileiro - O primeiro do Mundo em ABNT2 com teclas Padrão Double Injection - Fabricado com o Renomado Switch Mecânico Outemu: Brown - Outemu Brown: Feedback Tátil, Resistência Média, Sem Clique Audível - Iluminação com Leds Vermelhos - Construção Robusta em Metal e Plástico ABS para maior Durabilidade - Switch removível</msg>
<arg>${TEXTO_DESCRICAO}</arg>
<doc>Logs the given message with the given level.</doc>
<status status="PASS" start="2025-05-03T21:20:26.314152" elapsed="0.000150"/>
</kw>
<status status="PASS" start="2025-05-03T21:20:26.286692" elapsed="0.027683"/>
</kw>
<kw name="Deve poder clicar no botao Excluir" owner="page_cadastro_produto">
<kw name="Wait Until Element Is Visible" owner="SeleniumLibrary">
<arg>xpath=//*[@id="root"]/div/div[2]/ul/li/div[2]/button[2]</arg>
<arg>5s</arg>
<doc>Waits until the element ``locator`` is visible.</doc>
<status status="PASS" start="2025-05-03T21:20:26.314843" elapsed="0.013433"/>
</kw>
<kw name="Click Button" owner="SeleniumLibrary">
<msg time="2025-05-03T21:20:26.328638" level="INFO">Clicking button 'xpath=//*[@id="root"]/div/div[2]/ul/li/div[2]/button[2]'.</msg>
<arg>xpath=//*[@id="root"]/div/div[2]/ul/li/div[2]/button[2]</arg>
<doc>Clicks the button identified by ``locator``.</doc>
<status status="PASS" start="2025-05-03T21:20:26.328481" elapsed="0.054606"/>
</kw>
<status status="PASS" start="2025-05-03T21:20:26.314636" elapsed="0.068578"/>
</kw>
<kw name="Validar pagina sem produtos cadastrados" owner="page_cadastro_produto">
<kw name="Wait Until Element Contains" owner="SeleniumLibrary">
<arg>xpath=//*[@id="root"]/div/div[2]/p</arg>
<arg>Nenhum produto cadastrado.</arg>
<arg>5s</arg>
<doc>Waits until the element ``locator`` contains ``text``.</doc>
<status status="PASS" start="2025-05-03T21:20:26.383797" elapsed="0.015111"/>
</kw>
<status status="PASS" start="2025-05-03T21:20:26.383490" elapsed="0.015527"/>
</kw>
<kw name="Fechar navegador" owner="hooks" type="TEARDOWN">
<kw name="Close Browser" owner="SeleniumLibrary">
<doc>Closes the current browser.</doc>
<status status="PASS" start="2025-05-03T21:20:26.399577" elapsed="2.139025"/>
</kw>
<status status="PASS" start="2025-05-03T21:20:26.399343" elapsed="2.139362"/>
</kw>
<tag>excluir_cadastro</tag>
<status status="PASS" start="2025-05-03T21:20:22.454977" elapsed="6.083955"/>
</test>
<test id="s1-t4" name="Cenario 04: Cadastro de produto campos em branco" line="64">
<kw name="Abrir navegador" owner="hooks" type="SETUP">
<kw name="Open Browser" owner="SeleniumLibrary">
<msg time="2025-05-03T21:20:28.540463" level="INFO">Opening browser 'chrome' to base url 'https://tecnorise-qa-interview.pages.dev/'.</msg>
<arg>${URL}</arg>
<arg>${BROWSER}</arg>
<doc>Opens a new browser instance to the optional ``url``.</doc>
<status status="PASS" start="2025-05-03T21:20:28.540281" elapsed="2.492743"/>
</kw>
<kw name="Maximize Browser Window" owner="SeleniumLibrary">
<doc>Maximizes current browser window.</doc>
<status status="PASS" start="2025-05-03T21:20:31.033186" elapsed="0.030370"/>
</kw>
<status status="PASS" start="2025-05-03T21:20:28.540063" elapsed="2.523592"/>
</kw>
<kw name="Deve poder clicar no botao Adicionar Produto" owner="page_cadastro_produto">
<kw name="Wait Until Element Is Visible" owner="SeleniumLibrary">
<arg>xpath=//*[@id="root"]/div/div[1]/button</arg>
<arg>5s</arg>
<doc>Waits until the element ``locator`` is visible.</doc>
<status status="PASS" start="2025-05-03T21:20:31.064139" elapsed="0.024161"/>
</kw>
<kw name="Click Button" owner="SeleniumLibrary">
<msg time="2025-05-03T21:20:31.088614" level="INFO">Clicking button 'xpath=//*[@id="root"]/div/div[1]/button'.</msg>
<arg>xpath=//*[@id="root"]/div/div[1]/button</arg>
<doc>Clicks the button identified by ``locator``.</doc>
<status status="PASS" start="2025-05-03T21:20:31.088456" elapsed="0.074352"/>
</kw>
<status status="PASS" start="2025-05-03T21:20:31.063918" elapsed="0.099005"/>
</kw>
<kw name="Validar se abriu modal com formulario para cadastro" owner="page_cadastro_produto">
<kw name="Wait Until Element Contains" owner="SeleniumLibrary">
<arg>xpath=//h2[contains(text(), "Cadastrar Produto")]</arg>
<arg>Cadastrar Produto</arg>
<arg>5s</arg>
<doc>Waits until the element ``locator`` contains ``text``.</doc>
<status status="PASS" start="2025-05-03T21:20:31.163463" elapsed="0.020827"/>
</kw>
<status status="PASS" start="2025-05-03T21:20:31.163214" elapsed="0.021190"/>
</kw>
<kw name="Deve poder clicar no botao Salvar" owner="page_cadastro_produto">
<kw name="Wait Until Element Is Visible" owner="SeleniumLibrary">
<arg>xpath=//*[@id="root"]/div/div[3]/div/form/div[4]/button[2]</arg>
<arg>5s</arg>
<doc>Waits until the element ``locator`` is visible.</doc>
<status status="PASS" start="2025-05-03T21:20:31.184987" elapsed="0.018717"/>
</kw>
<kw name="Click Button" owner="SeleniumLibrary">
<msg time="2025-05-03T21:20:31.204334" level="INFO">Clicking button 'xpath=//*[@id="root"]/div/div[3]/div/form/div[4]/button[2]'.</msg>
<arg>xpath=//*[@id="root"]/div/div[3]/div/form/div[4]/button[2]</arg>
<doc>Clicks the button identified by ``locator``.</doc>
<status status="PASS" start="2025-05-03T21:20:31.204003" elapsed="0.069130"/>
</kw>
<status status="PASS" start="2025-05-03T21:20:31.184749" elapsed="0.088487"/>
</kw>
<kw name="Devera ser exibida mensagem de obrigatoriedade no campo Nome" owner="page_cadastro_produto">
<kw name="Wait Until Element Contains" owner="SeleniumLibrary">
<arg>xpath=//*[@id="root"]/div/div[3]/div/form/div[1]/p</arg>
<arg>Nome é obrigatório</arg>
<arg>5s</arg>
<doc>Waits until the element ``locator`` contains ``text``.</doc>
<status status="PASS" start="2025-05-03T21:20:31.273774" elapsed="0.017574"/>
</kw>
<status status="PASS" start="2025-05-03T21:20:31.273528" elapsed="0.017923"/>
</kw>
<kw name="Devera ser exibida mensagem de obrigatoriedade no campo Preco" owner="page_cadastro_produto">
<kw name="Wait Until Element Contains" owner="SeleniumLibrary">
<arg>xpath=//*[@id="root"]/div/div[3]/div/form/div[2]/p</arg>
<arg>Preço deve ser positivo</arg>
<arg>5s</arg>
<doc>Waits until the element ``locator`` contains ``text``.</doc>
<status status="PASS" start="2025-05-03T21:20:31.291911" elapsed="0.019205"/>
</kw>
<status status="PASS" start="2025-05-03T21:20:31.291692" elapsed="0.019527"/>
</kw>
<kw name="Fechar navegador" owner="hooks" type="TEARDOWN">
<kw name="Close Browser" owner="SeleniumLibrary">
<doc>Closes the current browser.</doc>
<status status="PASS" start="2025-05-03T21:20:31.311781" elapsed="2.116737"/>
</kw>
<status status="PASS" start="2025-05-03T21:20:31.311544" elapsed="2.117081"/>
</kw>
<tag>cadastro_campos_vazios</tag>
<status status="PASS" start="2025-05-03T21:20:28.539654" elapsed="4.889211"/>
</test>
<test id="s1-t5" name="Cenario 05: Cadastro de produto dados invalidos" line="72">
<kw name="Abrir navegador" owner="hooks" type="SETUP">
<kw name="Open Browser" owner="SeleniumLibrary">
<msg time="2025-05-03T21:20:33.430336" level="INFO">Opening browser 'chrome' to base url 'https://tecnorise-qa-interview.pages.dev/'.</msg>
<arg>${URL}</arg>
<arg>${BROWSER}</arg>
<doc>Opens a new browser instance to the optional ``url``.</doc>
<status status="PASS" start="2025-05-03T21:20:33.430167" elapsed="2.443780"/>
</kw>
<kw name="Maximize Browser Window" owner="SeleniumLibrary">
<doc>Maximizes current browser window.</doc>
<status status="PASS" start="2025-05-03T21:20:35.874118" elapsed="0.041783"/>
</kw>
<status status="PASS" start="2025-05-03T21:20:33.429935" elapsed="2.486061"/>
</kw>
<kw name="Deve poder clicar no botao Adicionar Produto" owner="page_cadastro_produto">
<kw name="Wait Until Element Is Visible" owner="SeleniumLibrary">
<arg>xpath=//*[@id="root"]/div/div[1]/button</arg>
<arg>5s</arg>
<doc>Waits until the element ``locator`` is visible.</doc>
<status status="PASS" start="2025-05-03T21:20:35.916508" elapsed="0.025058"/>
</kw>
<kw name="Click Button" owner="SeleniumLibrary">
<msg time="2025-05-03T21:20:35.941880" level="INFO">Clicking button 'xpath=//*[@id="root"]/div/div[1]/button'.</msg>
<arg>xpath=//*[@id="root"]/div/div[1]/button</arg>
<doc>Clicks the button identified by ``locator``.</doc>
<status status="PASS" start="2025-05-03T21:20:35.941724" elapsed="0.069969"/>
</kw>
<status status="PASS" start="2025-05-03T21:20:35.916264" elapsed="0.095533"/>
</kw>
<kw name="Validar se abriu modal com formulario para cadastro" owner="page_cadastro_produto">
<kw name="Wait Until Element Contains" owner="SeleniumLibrary">
<arg>xpath=//h2[contains(text(), "Cadastrar Produto")]</arg>
<arg>Cadastrar Produto</arg>
<arg>5s</arg>
<doc>Waits until the element ``locator`` contains ``text``.</doc>
<status status="PASS" start="2025-05-03T21:20:36.012330" elapsed="0.020300"/>
</kw>
<status status="PASS" start="2025-05-03T21:20:36.012103" elapsed="0.020655"/>
</kw>
<kw name="Preencher campo Nome alfanumerico" owner="page_cadastro_produto">
<kw name="Wait Until Element Is Visible" owner="SeleniumLibrary">
<arg>xpath=//*[@id="root"]/div/div[3]/div/form/div[1]/label</arg>
<arg>5s</arg>
<doc>Waits until the element ``locator`` is visible.</doc>
<status status="PASS" start="2025-05-03T21:20:36.033376" elapsed="0.016526"/>
</kw>
<kw name="Wait Until Element Is Visible" owner="SeleniumLibrary">
<arg>xpath=//input[@placeholder="Digite o nome do produto"]</arg>
<arg>5s</arg>
<doc>Waits until the element ``locator`` is visible.</doc>
<status status="PASS" start="2025-05-03T21:20:36.050068" elapsed="0.016400"/>
</kw>
<kw name="Input Text" owner="SeleniumLibrary">
<msg time="2025-05-03T21:20:36.066922" level="INFO">Typing text '5191sefvcwefw#$#$@' into text field 'xpath=//input[@placeholder="Digite o nome do produto"]'.</msg>
<arg>xpath=//input[@placeholder="Digite o nome do produto"]</arg>
<arg>${alfanumerico}</arg>
<doc>Types the given ``text`` into the text field identified by ``locator``.</doc>
<status status="PASS" start="2025-05-03T21:20:36.066684" elapsed="0.092014"/>
</kw>
<arg>5191sefvcwefw#$#$@</arg>
<status status="PASS" start="2025-05-03T21:20:36.033084" elapsed="0.125715"/>
</kw>
<kw name="Preencher campo Preco com valor" owner="page_cadastro_produto">
<kw name="Wait Until Element Is Visible" owner="SeleniumLibrary">
<arg>xpath=//*[@id="root"]/div/div[3]/div/form/div[2]/label</arg>
<arg>5s</arg>
<doc>Waits until the element ``locator`` is visible.</doc>
<status status="PASS" start="2025-05-03T21:20:36.159464" elapsed="0.017734"/>
</kw>
<kw name="Wait Until Element Is Visible" owner="SeleniumLibrary">
<arg>xpath=//*[@id="root"]/div/div[3]/div/form/div[2]/input</arg>
<arg>5s</arg>
<doc>Waits until the element ``locator`` is visible.</doc>
<status status="PASS" start="2025-05-03T21:20:36.177355" elapsed="0.012702"/>
</kw>
<kw name="Input Text" owner="SeleniumLibrary">
<msg time="2025-05-03T21:20:36.190402" level="INFO">Typing text 'e' into text field 'xpath=//*[@id="root"]/div/div[3]/div/form/div[2]/input'.</msg>
<arg>xpath=//*[@id="root"]/div/div[3]/div/form/div[2]/input</arg>
<arg>${valor_e}</arg>
<doc>Types the given ``text`` into the text field identified by ``locator``.</doc>
<status status="PASS" start="2025-05-03T21:20:36.190210" elapsed="0.052755"/>
</kw>
<arg>e</arg>
<status status="PASS" start="2025-05-03T21:20:36.159095" elapsed="0.084197"/>
</kw>
<kw name="Preencher formulario campo Descricao" owner="page_cadastro_produto">
<kw name="Wait Until Element Is Visible" owner="SeleniumLibrary">
<arg>xpath=//*[@id="root"]/div/div[3]/div/form/div[3]/label</arg>
<arg>5s</arg>
<doc>Waits until the element ``locator`` is visible.</doc>
<status status="PASS" start="2025-05-03T21:20:36.244920" elapsed="0.014804"/>
</kw>
<kw name="Wait Until Element Is Visible" owner="SeleniumLibrary">
<arg>xpath=//textarea[@placeholder="Descreva o produto"]</arg>
<arg>5s</arg>
<doc>Waits until the element ``locator`` is visible.</doc>
<status status="PASS" start="2025-05-03T21:20:36.259883" elapsed="0.013196"/>
</kw>
<kw name="Input Text" owner="SeleniumLibrary">
<msg time="2025-05-03T21:20:36.273493" level="INFO">Typing text 'Características: - Marca: Redragon - Modelo: K552 Especificações: - Teclado Mecânico de Alto Desempenho - 12 Teclas para controle Multimídia - Controle de Iluminação "On-The-Fly" - Sistema Nº Key Rollover para Anti-Ghosting em 100% das Teclas - Funcionamento da Tecla Win Alternável (Pressione FN+Win para Desligar / Ligar a Tecla) - Padrão ABNT2 - Feito Especialmente para o Mercado Brasileiro - O primeiro do Mundo em ABNT2 com teclas Padrão Double Injection - Fabricado com o Renomado Switch Mecânico Outemu: Brown - Outemu Brown: Feedback Tátil, Resistência Média, Sem Clique Audível - Iluminação com Leds Vermelhos - Construção Robusta em Metal e Plástico ABS para maior Durabilidade - Switch removível' into text field 'xpath=//textarea[@placeholder="Descreva o produto"]'.</msg>
<arg>xpath=//textarea[@placeholder="Descreva o produto"]</arg>
<arg>${DESCRICAO}</arg>
<doc>Types the given ``text`` into the text field identified by ``locator``.</doc>
<status status="PASS" start="2025-05-03T21:20:36.273229" elapsed="0.743931"/>
</kw>
<kw name="Set Global Variable" owner="BuiltIn">
<msg time="2025-05-03T21:20:37.017547" level="INFO">${TEXTO_DESCRICAO} = Características: - Marca: Redragon - Modelo: K552 Especificações: - Teclado Mecânico de Alto Desempenho - 12 Teclas para controle Multimídia - Controle de Iluminação "On-The-Fly" - Sistema Nº Key Roll...</msg>
<arg>${TEXTO_DESCRICAO}</arg>
<arg>${DESCRICAO}</arg>
<doc>Makes a variable available globally in all tests and suites.</doc>
<status status="PASS" start="2025-05-03T21:20:37.017328" elapsed="0.000263"/>
</kw>
<status status="PASS" start="2025-05-03T21:20:36.244375" elapsed="0.773292"/>
</kw>
<kw name="Deve poder clicar no botao Salvar" owner="page_cadastro_produto">
<kw name="Wait Until Element Is Visible" owner="SeleniumLibrary">
<arg>xpath=//*[@id="root"]/div/div[3]/div/form/div[4]/button[2]</arg>
<arg>5s</arg>
<doc>Waits until the element ``locator`` is visible.</doc>
<status status="PASS" start="2025-05-03T21:20:37.018111" elapsed="0.015024"/>
</kw>
<kw name="Click Button" owner="SeleniumLibrary">
<msg time="2025-05-03T21:20:37.033440" level="INFO">Clicking button 'xpath=//*[@id="root"]/div/div[3]/div/form/div[4]/button[2]'.</msg>
<arg>xpath=//*[@id="root"]/div/div[3]/div/form/div[4]/button[2]</arg>
<doc>Clicks the button identified by ``locator``.</doc>
<status status="PASS" start="2025-05-03T21:20:37.033287" elapsed="0.059528"/>
</kw>
<status status="PASS" start="2025-05-03T21:20:37.017902" elapsed="0.075094"/>
</kw>
<kw name="Devera exibir mensagem de obrigatoriedade no campo Preco" owner="page_cadastro_produto">
<kw name="Should Be Equal As Strings" owner="BuiltIn">
<arg>${mensagem}</arg>
<arg>Digite um número.</arg>
<doc>Fails if objects are unequal after converting them to strings.</doc>
<status status="PASS" start="2025-05-03T21:20:37.093877" elapsed="0.000213"/>
</kw>
<arg>Digite um número.</arg>
<status status="PASS" start="2025-05-03T21:20:37.093476" elapsed="0.000691"/>
</kw>
<kw name="Fechar navegador" owner="hooks" type="TEARDOWN">
<kw name="Close Browser" owner="SeleniumLibrary">
<doc>Closes the current browser.</doc>
<status status="PASS" start="2025-05-03T21:20:37.094683" elapsed="2.120152"/>
</kw>
<status status="PASS" start="2025-05-03T21:20:37.094462" elapsed="2.120482"/>
</kw>
<tag>cadastro_dados_invalidos</tag>
<status status="PASS" start="2025-05-03T21:20:33.429551" elapsed="5.785885"/>
</test>
<test id="s1-t6" name="Cenario 06: Cadastro de produto campos Nome em branco" line="82">
<kw name="Abrir navegador" owner="hooks" type="SETUP">
<kw name="Open Browser" owner="SeleniumLibrary">
<msg time="2025-05-03T21:20:39.217052" level="INFO">Opening browser 'chrome' to base url 'https://tecnorise-qa-interview.pages.dev/'.</msg>
<arg>${URL}</arg>
<arg>${BROWSER}</arg>
<doc>Opens a new browser instance to the optional ``url``.</doc>
<status status="PASS" start="2025-05-03T21:20:39.216884" elapsed="2.513246"/>
</kw>
<kw name="Maximize Browser Window" owner="SeleniumLibrary">
<doc>Maximizes current browser window.</doc>
<status status="PASS" start="2025-05-03T21:20:41.730288" elapsed="0.033550"/>
</kw>
<status status="PASS" start="2025-05-03T21:20:39.216659" elapsed="2.547311"/>
</kw>
<kw name="Deve poder clicar no botao Adicionar Produto" owner="page_cadastro_produto">
<kw name="Wait Until Element Is Visible" owner="SeleniumLibrary">
<arg>xpath=//*[@id="root"]/div/div[1]/button</arg>
<arg>5s</arg>
<doc>Waits until the element ``locator`` is visible.</doc>
<status status="PASS" start="2025-05-03T21:20:41.764850" elapsed="0.029027"/>
</kw>
<kw name="Click Button" owner="SeleniumLibrary">
<msg time="2025-05-03T21:20:41.794186" level="INFO">Clicking button 'xpath=//*[@id="root"]/div/div[1]/button'.</msg>
<arg>xpath=//*[@id="root"]/div/div[1]/button</arg>
<doc>Clicks the button identified by ``locator``.</doc>
<status status="PASS" start="2025-05-03T21:20:41.794029" elapsed="0.069564"/>
</kw>
<status status="PASS" start="2025-05-03T21:20:41.764498" elapsed="0.099198"/>
</kw>
<kw name="Validar se abriu modal com formulario para cadastro" owner="page_cadastro_produto">
<kw name="Wait Until Element Contains" owner="SeleniumLibrary">
<arg>xpath=//h2[contains(text(), "Cadastrar Produto")]</arg>
<arg>Cadastrar Produto</arg>
<arg>5s</arg>
<doc>Waits until the element ``locator`` contains ``text``.</doc>
<status status="PASS" start="2025-05-03T21:20:41.864258" elapsed="0.020957"/>
</kw>
<status status="PASS" start="2025-05-03T21:20:41.864031" elapsed="0.021292"/>
</kw>
<kw name="Preencher formulario campo Preco" owner="page_cadastro_produto">
<kw name="Wait Until Element Is Visible" owner="SeleniumLibrary">
<arg>xpath=//*[@id="root"]/div/div[3]/div/form/div[2]/label</arg>
<arg>5s</arg>
<doc>Waits until the element ``locator`` is visible.</doc>
<status status="PASS" start="2025-05-03T21:20:41.885850" elapsed="0.018705"/>
</kw>
<kw name="Wait Until Element Is Visible" owner="SeleniumLibrary">
<arg>xpath=//*[@id="root"]/div/div[3]/div/form/div[2]/input</arg>
<arg>5s</arg>
<doc>Waits until the element ``locator`` is visible.</doc>
<status status="PASS" start="2025-05-03T21:20:41.904716" elapsed="0.015501"/>
</kw>
<kw name="Input Text" owner="SeleniumLibrary">
<msg time="2025-05-03T21:20:41.920638" level="INFO">Typing text '160.00' into text field 'xpath=//*[@id="root"]/div/div[3]/div/form/div[2]/input'.</msg>
<arg>xpath=//*[@id="root"]/div/div[3]/div/form/div[2]/input</arg>
<arg>${valor}</arg>
<doc>Types the given ``text`` into the text field identified by ``locator``.</doc>
<status status="PASS" start="2025-05-03T21:20:41.920404" elapsed="0.078991"/>
</kw>
<kw name="Set Global Variable" owner="BuiltIn">
<msg time="2025-05-03T21:20:42.000119" level="INFO">${VALOR_PRODUTO} = 160.00</msg>
<arg>${VALOR_PRODUTO}</arg>
<arg>${valor}</arg>
<doc>Makes a variable available globally in all tests and suites.</doc>
<status status="PASS" start="2025-05-03T21:20:41.999792" elapsed="0.000418"/>
</kw>
<arg>160.00</arg>
<status status="PASS" start="2025-05-03T21:20:41.885611" elapsed="0.114706"/>
</kw>
<kw name="Preencher formulario campo Descricao" owner="page_cadastro_produto">
<kw name="Wait Until Element Is Visible" owner="SeleniumLibrary">
<arg>xpath=//*[@id="root"]/div/div[3]/div/form/div[3]/label</arg>
<arg>5s</arg>
<doc>Waits until the element ``locator`` is visible.</doc>
<status status="PASS" start="2025-05-03T21:20:42.001112" elapsed="0.015486"/>
</kw>
<kw name="Wait Until Element Is Visible" owner="SeleniumLibrary">
<arg>xpath=//textarea[@placeholder="Descreva o produto"]</arg>
<arg>5s</arg>
<doc>Waits until the element ``locator`` is visible.</doc>
<status status="PASS" start="2025-05-03T21:20:42.016771" elapsed="0.013639"/>
</kw>
<kw name="Input Text" owner="SeleniumLibrary">
<msg time="2025-05-03T21:20:42.030763" level="INFO">Typing text 'Características: - Marca: Redragon - Modelo: K552 Especificações: - Teclado Mecânico de Alto Desempenho - 12 Teclas para controle Multimídia - Controle de Iluminação "On-The-Fly" - Sistema Nº Key Rollover para Anti-Ghosting em 100% das Teclas - Funcionamento da Tecla Win Alternável (Pressione FN+Win para Desligar / Ligar a Tecla) - Padrão ABNT2 - Feito Especialmente para o Mercado Brasileiro - O primeiro do Mundo em ABNT2 com teclas Padrão Double Injection - Fabricado com o Renomado Switch Mecânico Outemu: Brown - Outemu Brown: Feedback Tátil, Resistência Média, Sem Clique Audível - Iluminação com Leds Vermelhos - Construção Robusta em Metal e Plástico ABS para maior Durabilidade - Switch removível' into text field 'xpath=//textarea[@placeholder="Descreva o produto"]'.</msg>
<arg>xpath=//textarea[@placeholder="Descreva o produto"]</arg>
<arg>${DESCRICAO}</arg>
<doc>Types the given ``text`` into the text field identified by ``locator``.</doc>
<status status="PASS" start="2025-05-03T21:20:42.030566" elapsed="0.735263"/>
</kw>
<kw name="Set Global Variable" owner="BuiltIn">
<msg time="2025-05-03T21:20:42.766208" level="INFO">${TEXTO_DESCRICAO} = Características: - Marca: Redragon - Modelo: K552 Especificações: - Teclado Mecânico de Alto Desempenho - 12 Teclas para controle Multimídia - Controle de Iluminação "On-The-Fly" - Sistema Nº Key Roll...</msg>
<arg>${TEXTO_DESCRICAO}</arg>
<arg>${DESCRICAO}</arg>
<doc>Makes a variable available globally in all tests and suites.</doc>
<status status="PASS" start="2025-05-03T21:20:42.765998" elapsed="0.000257"/>
</kw>
<status status="PASS" start="2025-05-03T21:20:42.000817" elapsed="0.765507"/>
</kw>
<kw name="Deve poder clicar no botao Salvar" owner="page_cadastro_produto">
<kw name="Wait Until Element Is Visible" owner="SeleniumLibrary">
<arg>xpath=//*[@id="root"]/div/div[3]/div/form/div[4]/button[2]</arg>
<arg>5s</arg>
<doc>Waits until the element ``locator`` is visible.</doc>
<status status="PASS" start="2025-05-03T21:20:42.766800" elapsed="0.014357"/>
</kw>
<kw name="Click Button" owner="SeleniumLibrary">
<msg time="2025-05-03T21:20:42.781476" level="INFO">Clicking button 'xpath=//*[@id="root"]/div/div[3]/div/form/div[4]/button[2]'.</msg>
<arg>xpath=//*[@id="root"]/div/div[3]/div/form/div[4]/button[2]</arg>
<doc>Clicks the button identified by ``locator``.</doc>
<status status="PASS" start="2025-05-03T21:20:42.781311" elapsed="0.059258"/>
</kw>
<status status="PASS" start="2025-05-03T21:20:42.766588" elapsed="0.074111"/>
</kw>
<kw name="Devera ser exibida mensagem de obrigatoriedade no campo Nome" owner="page_cadastro_produto">
<kw name="Wait Until Element Contains" owner="SeleniumLibrary">
<arg>xpath=//*[@id="root"]/div/div[3]/div/form/div[1]/p</arg>
<arg>Nome é obrigatório</arg>
<arg>5s</arg>
<doc>Waits until the element ``locator`` contains ``text``.</doc>
<status status="PASS" start="2025-05-03T21:20:42.841469" elapsed="0.016687"/>
</kw>
<status status="PASS" start="2025-05-03T21:20:42.841097" elapsed="0.017369"/>
</kw>
<kw name="Fechar navegador" owner="hooks" type="TEARDOWN">
<kw name="Close Browser" owner="SeleniumLibrary">
<doc>Closes the current browser.</doc>
<status status="PASS" start="2025-05-03T21:20:42.860371" elapsed="2.153829"/>
</kw>
<status status="PASS" start="2025-05-03T21:20:42.859673" elapsed="2.154694"/>
</kw>
<tag>campos_nome_vazios</tag>
<status status="PASS" start="2025-05-03T21:20:39.216230" elapsed="5.798406"/>
</test>
<test id="s1-t7" name="Cenario 07: Cadastros multiplos de produto dados validos" line="91">
<kw name="Abrir navegador" owner="hooks" type="SETUP">
<kw name="Open Browser" owner="SeleniumLibrary">
<msg time="2025-05-03T21:20:45.016292" level="INFO">Opening browser 'chrome' to base url 'https://tecnorise-qa-interview.pages.dev/'.</msg>
<arg>${URL}</arg>
<arg>${BROWSER}</arg>
<doc>Opens a new browser instance to the optional ``url``.</doc>
<status status="PASS" start="2025-05-03T21:20:45.016117" elapsed="2.504797"/>
</kw>
<kw name="Maximize Browser Window" owner="SeleniumLibrary">
<doc>Maximizes current browser window.</doc>
<status status="PASS" start="2025-05-03T21:20:47.521191" elapsed="0.033645"/>
</kw>
<status status="PASS" start="2025-05-03T21:20:45.015898" elapsed="2.539068"/>
</kw>
<for flavor="IN RANGE">
<iter>
<kw name="Validar pagina deve conter o title" owner="page_cadastro_produto">
<kw name="Title Should Be" owner="SeleniumLibrary">
<msg time="2025-05-03T21:20:47.560481" level="INFO">Page title is 'Teste automação QA'.</msg>
<arg>Teste automação QA</arg>
<doc>Verifies that the current page title equals ``title``.</doc>
[...]
</kw>
<kw name="Log" owner="BuiltIn">
<msg time="2025-05-03T21:20:57.636457" level="INFO">160.00</msg>
<arg>${VALOR_PRODUTO}</arg>
<doc>Logs the given message with the given level.</doc>
<status status="PASS" start="2025-05-03T21:20:57.636313" elapsed="0.000187"/>
</kw>
<status status="PASS" start="2025-05-03T21:20:57.624937" elapsed="0.011628"/>
</kw>
<kw name="Validar Descricao do Produto Cadastrado" owner="page_cadastro_produto">
<kw name="Wait Until Element Is Visible" owner="SeleniumLibrary">
<arg>xpath=//*[@id="root"]/div/div[2]/ul/li/div[1]/p</arg>
<arg>5s</arg>
<doc>Waits until the element ``locator`` is visible.</doc>
<status status="PASS" start="2025-05-03T21:20:57.636892" elapsed="0.009526"/>
</kw>
<kw name="Get Text" owner="SeleniumLibrary">
<msg time="2025-05-03T21:20:57.656730" level="INFO">${descricao_cadastrada} = Características: - Marca: Redragon - Modelo: K552 Especificações: - Teclado Mecânico de Alto Desempenho - 12 Teclas para controle Multimídia - Controle de Iluminação "On-The-Fly" - Sistema Nº Key Roll...</msg>
<var>${descricao_cadastrada}</var>
<arg>xpath=//*[@id="root"]/div/div[2]/ul/li/div[1]/p</arg>
<doc>Returns the text value of the element identified by ``locator``.</doc>
<status status="PASS" start="2025-05-03T21:20:57.646582" elapsed="0.010191"/>
</kw>
<kw name="Should Be Equal" owner="BuiltIn">
<arg>${descricao_cadastrada}</arg>
<arg>${TEXTO_DESCRICAO}</arg>
<doc>Fails if the given objects are unequal.</doc>
<status status="PASS" start="2025-05-03T21:20:57.656917" elapsed="0.000201"/>
</kw>
<kw name="Log" owner="BuiltIn">
<msg time="2025-05-03T21:20:57.657333" level="INFO">Características: - Marca: Redragon - Modelo: K552 Especificações: - Teclado Mecânico de Alto Desempenho - 12 Teclas para controle Multimídia - Controle de Iluminação "On-The-Fly" - Sistema Nº Key Rollover para Anti-Ghosting em 100% das Teclas - Funcionamento da Tecla Win Alternável (Pressione FN+Win para Desligar / Ligar a Tecla) - Padrão ABNT2 - Feito Especialmente para o Mercado Brasileiro - O primeiro do Mundo em ABNT2 com teclas Padrão Double Injection - Fabricado com o Renomado Switch Mecânico Outemu: Brown - Outemu Brown: Feedback Tátil, Resistência Média, Sem Clique Audível - Iluminação com Leds Vermelhos - Construção Robusta em Metal e Plástico ABS para maior Durabilidade - Switch removível</msg>
<arg>${descricao_cadastrada}</arg>
<doc>Logs the given message with the given level.</doc>
<status status="PASS" start="2025-05-03T21:20:57.657220" elapsed="0.000164"/>
</kw>
<kw name="Log" owner="BuiltIn">
<msg time="2025-05-03T21:20:57.657574" level="INFO">Características: - Marca: Redragon - Modelo: K552 Especificações: - Teclado Mecânico de Alto Desempenho - 12 Teclas para controle Multimídia - Controle de Iluminação "On-The-Fly" - Sistema Nº Key Rollover para Anti-Ghosting em 100% das Teclas - Funcionamento da Tecla Win Alternável (Pressione FN+Win para Desligar / Ligar a Tecla) - Padrão ABNT2 - Feito Especialmente para o Mercado Brasileiro - O primeiro do Mundo em ABNT2 com teclas Padrão Double Injection - Fabricado com o Renomado Switch Mecânico Outemu: Brown - Outemu Brown: Feedback Tátil, Resistência Média, Sem Clique Audível - Iluminação com Leds Vermelhos - Construção Robusta em Metal e Plástico ABS para maior Durabilidade - Switch removível</msg>
<arg>${TEXTO_DESCRICAO}</arg>
<doc>Logs the given message with the given level.</doc>
<status status="PASS" start="2025-05-03T21:20:57.657473" elapsed="0.000147"/>
</kw>
<status status="PASS" start="2025-05-03T21:20:57.636700" elapsed="0.020989"/>
</kw>
<var name="${i}">9</var>
<status status="PASS" start="2025-05-03T21:20:56.550883" elapsed="1.106842"/>
</iter>
<iter>
<kw name="Validar pagina deve conter o title" owner="page_cadastro_produto">
<kw name="Title Should Be" owner="SeleniumLibrary">
<msg time="2025-05-03T21:20:57.661200" level="INFO">Page title is 'Teste automação QA'.</msg>
<arg>Teste automação QA</arg>
<doc>Verifies that the current page title equals ``title``.</doc>
<status status="PASS" start="2025-05-03T21:20:57.658166" elapsed="0.003095"/>
</kw>
<arg>Teste automação QA</arg>
<status status="PASS" start="2025-05-03T21:20:57.657956" elapsed="0.003383"/>
</kw>
<kw name="Deve poder clicar no botao Adicionar Produto" owner="page_cadastro_produto">
<kw name="Wait Until Element Is Visible" owner="SeleniumLibrary">
<arg>xpath=//*[@id="root"]/div/div[1]/button</arg>
<arg>5s</arg>
<doc>Waits until the element ``locator`` is visible.</doc>
<status status="PASS" start="2025-05-03T21:20:57.661665" elapsed="0.009122"/>
</kw>
<kw name="Click Button" owner="SeleniumLibrary">
<msg time="2025-05-03T21:20:57.671109" level="INFO">Clicking button 'xpath=//*[@id="root"]/div/div[1]/button'.</msg>
<arg>xpath=//*[@id="root"]/div/div[1]/button</arg>
<doc>Clicks the button identified by ``locator``.</doc>
<status status="PASS" start="2025-05-03T21:20:57.670943" elapsed="0.046258"/>
</kw>
<status status="PASS" start="2025-05-03T21:20:57.661461" elapsed="0.055860"/>
</kw>
<kw name="Validar se abriu modal com formulario para cadastro" owner="page_cadastro_produto">
<kw name="Wait Until Element Contains" owner="SeleniumLibrary">
<arg>xpath=//h2[contains(text(), "Cadastrar Produto")]</arg>
<arg>Cadastrar Produto</arg>
<arg>5s</arg>
<doc>Waits until the element ``locator`` contains ``text``.</doc>
<status status="PASS" start="2025-05-03T21:20:57.717773" elapsed="0.011984"/>
</kw>
<status status="PASS" start="2025-05-03T21:20:57.717478" elapsed="0.012387"/>
</kw>
<kw name="Preencher formulario campo Nome" owner="page_cadastro_produto">
<kw name="Wait Until Element Is Visible" owner="SeleniumLibrary">
<arg>xpath=//*[@id="root"]/div/div[3]/div/form/div[1]/label</arg>
<arg>5s</arg>
<doc>Waits until the element ``locator`` is visible.</doc>
<status status="PASS" start="2025-05-03T21:20:57.730270" elapsed="0.009194"/>
</kw>
<kw name="Wait Until Element Is Visible" owner="SeleniumLibrary">
<arg>xpath=//input[@placeholder="Digite o nome do produto"]</arg>
<arg>5s</arg>
<doc>Waits until the element ``locator`` is visible.</doc>
<status status="PASS" start="2025-05-03T21:20:57.739620" elapsed="0.008244"/>
</kw>
<kw name="Input Text" owner="SeleniumLibrary">
<msg time="2025-05-03T21:20:57.748206" level="INFO">Typing text 'Teclado' into text field 'xpath=//input[@placeholder="Digite o nome do produto"]'.</msg>
<arg>xpath=//input[@placeholder="Digite o nome do produto"]</arg>
<arg>${produto}</arg>
<doc>Types the given ``text`` into the text field identified by ``locator``.</doc>
<status status="PASS" start="2025-05-03T21:20:57.748015" elapsed="0.052881"/>
</kw>
<kw name="Set Global Variable" owner="BuiltIn">
<msg time="2025-05-03T21:20:57.801268" level="INFO">${NOME_PRODUTO} = Teclado</msg>
<arg>${NOME_PRODUTO}</arg>
<arg>${produto}</arg>
<doc>Makes a variable available globally in all tests and suites.</doc>
<status status="PASS" start="2025-05-03T21:20:57.801060" elapsed="0.000253"/>
</kw>
<arg>Teclado</arg>
<status status="PASS" start="2025-05-03T21:20:57.730030" elapsed="0.071352"/>
</kw>
<kw name="Preencher formulario campo Preco" owner="page_cadastro_produto">
<kw name="Wait Until Element Is Visible" owner="SeleniumLibrary">
<arg>xpath=//*[@id="root"]/div/div[3]/div/form/div[2]/label</arg>
<arg>5s</arg>
<doc>Waits until the element ``locator`` is visible.</doc>
<status status="PASS" start="2025-05-03T21:20:57.801827" elapsed="0.010609"/>
</kw>
<kw name="Wait Until Element Is Visible" owner="SeleniumLibrary">
<arg>xpath=//*[@id="root"]/div/div[3]/div/form/div[2]/input</arg>
<arg>5s</arg>
<doc>Waits until the element ``locator`` is visible.</doc>
<status status="PASS" start="2025-05-03T21:20:57.812603" elapsed="0.009645"/>
</kw>
<kw name="Input Text" owner="SeleniumLibrary">
<msg time="2025-05-03T21:20:57.822599" level="INFO">Typing text '160.00' into text field 'xpath=//*[@id="root"]/div/div[3]/div/form/div[2]/input'.</msg>
<arg>xpath=//*[@id="root"]/div/div[3]/div/form/div[2]/input</arg>
<arg>${valor}</arg>
<doc>Types the given ``text`` into the text field identified by ``locator``.</doc>
<status status="PASS" start="2025-05-03T21:20:57.822406" elapsed="0.052432"/>
</kw>
<kw name="Set Global Variable" owner="BuiltIn">
<msg time="2025-05-03T21:20:57.875221" level="INFO">${VALOR_PRODUTO} = 160.00</msg>
<arg>${VALOR_PRODUTO}</arg>
<arg>${valor}</arg>
<doc>Makes a variable available globally in all tests and suites.</doc>
<status status="PASS" start="2025-05-03T21:20:57.875008" elapsed="0.000258"/>
</kw>
<arg>160.00</arg>
<status status="PASS" start="2025-05-03T21:20:57.801525" elapsed="0.073807"/>
</kw>
<kw name="Preencher formulario campo Descricao" owner="page_cadastro_produto">
<kw name="Wait Until Element Is Visible" owner="SeleniumLibrary">
<arg>xpath=//*[@id="root"]/div/div[3]/div/form/div[3]/label</arg>
<arg>5s</arg>
<doc>Waits until the element ``locator`` is visible.</doc>
<status status="PASS" start="2025-05-03T21:20:57.875686" elapsed="0.009742"/>
</kw>
<kw name="Wait Until Element Is Visible" owner="SeleniumLibrary">
<arg>xpath=//textarea[@placeholder="Descreva o produto"]</arg>
<arg>5s</arg>
<doc>Waits until the element ``locator`` is visible.</doc>
<status status="PASS" start="2025-05-03T21:20:57.885588" elapsed="0.008394"/>
</kw>
<kw name="Input Text" owner="SeleniumLibrary">
<msg time="2025-05-03T21:20:57.894319" level="INFO">Typing text 'Características: - Marca: Redragon - Modelo: K552 Especificações: - Teclado Mecânico de Alto Desempenho - 12 Teclas para controle Multimídia - Controle de Iluminação "On-The-Fly" - Sistema Nº Key Rollover para Anti-Ghosting em 100% das Teclas - Funcionamento da Tecla Win Alternável (Pressione FN+Win para Desligar / Ligar a Tecla) - Padrão ABNT2 - Feito Especialmente para o Mercado Brasileiro - O primeiro do Mundo em ABNT2 com teclas Padrão Double Injection - Fabricado com o Renomado Switch Mecânico Outemu: Brown - Outemu Brown: Feedback Tátil, Resistência Média, Sem Clique Audível - Iluminação com Leds Vermelhos - Construção Robusta em Metal e Plástico ABS para maior Durabilidade - Switch removível' into text field 'xpath=//textarea[@placeholder="Descreva o produto"]'.</msg>
<arg>xpath=//textarea[@placeholder="Descreva o produto"]</arg>
<arg>${DESCRICAO}</arg>
<doc>Types the given ``text`` into the text field identified by ``locator``.</doc>
<status status="PASS" start="2025-05-03T21:20:57.894125" elapsed="0.733543"/>
</kw>
<kw name="Set Global Variable" owner="BuiltIn">
<msg time="2025-05-03T21:20:58.628068" level="INFO">${TEXTO_DESCRICAO} = Características: - Marca: Redragon - Modelo: K552 Especificações: - Teclado Mecânico de Alto Desempenho - 12 Teclas para controle Multimídia - Controle de Iluminação "On-The-Fly" - Sistema Nº Key Roll...</msg>
<arg>${TEXTO_DESCRICAO}</arg>
<arg>${DESCRICAO}</arg>
<doc>Makes a variable available globally in all tests and suites.</doc>
<status status="PASS" start="2025-05-03T21:20:58.627840" elapsed="0.000274"/>
</kw>
<status status="PASS" start="2025-05-03T21:20:57.875477" elapsed="0.752714"/>
</kw>
<kw name="Deve poder clicar no botao Salvar" owner="page_cadastro_produto">
<kw name="Wait Until Element Is Visible" owner="SeleniumLibrary">
<arg>xpath=//*[@id="root"]/div/div[3]/div/form/div[4]/button[2]</arg>
<arg>5s</arg>
<doc>Waits until the element ``locator`` is visible.</doc>
<status status="PASS" start="2025-05-03T21:20:58.628547" elapsed="0.009742"/>
</kw>
<kw name="Click Button" owner="SeleniumLibrary">
<msg time="2025-05-03T21:20:58.638605" level="INFO">Clicking button 'xpath=//*[@id="root"]/div/div[3]/div/form/div[4]/button[2]'.</msg>
<arg>xpath=//*[@id="root"]/div/div[3]/div/form/div[4]/button[2]</arg>
<doc>Clicks the button identified by ``locator``.</doc>
<status status="PASS" start="2025-05-03T21:20:58.638440" elapsed="0.048324"/>
</kw>
<status status="PASS" start="2025-05-03T21:20:58.628320" elapsed="0.058552"/>
</kw>
<kw name="Validar tela de Produtos Cadastrados" owner="page_cadastro_produto">
<kw name="Wait Until Element Contains" owner="SeleniumLibrary">
<arg>xpath=//h3[contains(text(), "Produtos Cadastrados")]</arg>
<arg>Produtos Cadastrados</arg>
<arg>5s</arg>
<doc>Waits until the element ``locator`` contains ``text``.</doc>
<status status="PASS" start="2025-05-03T21:20:58.687801" elapsed="0.010446"/>
</kw>
<status status="PASS" start="2025-05-03T21:20:58.687188" elapsed="0.011164"/>
</kw>
<kw name="Validar Produtos Cadastrados" owner="page_cadastro_produto">
<kw name="Wait Until Element Is Visible" owner="SeleniumLibrary">
<arg>xpath=//*[@id="root"]/div/div[2]/ul/li/div[1]/strong</arg>
<doc>Waits until the element ``locator`` is visible.</doc>
<status status="PASS" start="2025-05-03T21:20:58.698740" elapsed="0.009049"/>
</kw>
<kw name="Get Text" owner="SeleniumLibrary">
<msg time="2025-05-03T21:20:58.717989" level="INFO">${produto_cadastrado} = Teclado</msg>
<var>${produto_cadastrado}</var>
<arg>xpath=//*[@id="root"]/div/div[2]/ul/li/div[1]/strong</arg>
<doc>Returns the text value of the element identified by ``locator``.</doc>
<status status="PASS" start="2025-05-03T21:20:58.707930" elapsed="0.010100"/>
</kw>
<kw name="Should Be Equal" owner="BuiltIn">
<arg>${produto_cadastrado}</arg>
<arg>${NOME_PRODUTO}</arg>
<doc>Fails if the given objects are unequal.</doc>
<status status="PASS" start="2025-05-03T21:20:58.718165" elapsed="0.000185"/>
</kw>
<kw name="Log" owner="BuiltIn">
<msg time="2025-05-03T21:20:58.718552" level="INFO">Teclado</msg>
<arg>${produto_cadastrado}</arg>
<doc>Logs the given message with the given level.</doc>
<status status="PASS" start="2025-05-03T21:20:58.718448" elapsed="0.000143"/>
</kw>
<kw name="Log" owner="BuiltIn">
<msg time="2025-05-03T21:20:58.718808" level="INFO">Teclado</msg>
<arg>${NOME_PRODUTO}</arg>
<doc>Logs the given message with the given level.</doc>
<status status="PASS" start="2025-05-03T21:20:58.718677" elapsed="0.000224"/>
</kw>
<status status="PASS" start="2025-05-03T21:20:58.698519" elapsed="0.020447"/>
</kw>
<kw name="Validar Valor do Produto Cadastrado" owner="page_cadastro_produto">
<kw name="Wait Until Element Contains" owner="SeleniumLibrary">
<arg>xpath=//*[@id="root"]/div/div[2]/ul/li/div[1]</arg>
<arg>160.00</arg>
<doc>Waits until the element ``locator`` contains ``text``.</doc>
<status status="PASS" start="2025-05-03T21:20:58.719277" elapsed="0.010543"/>
</kw>
<kw name="Log" owner="BuiltIn">
<msg time="2025-05-03T21:20:58.730122" level="INFO">160.00</msg>
<arg>${VALOR_PRODUTO}</arg>
<doc>Logs the given message with the given level.</doc>
<status status="PASS" start="2025-05-03T21:20:58.729978" elapsed="0.000187"/>
</kw>
<status status="PASS" start="2025-05-03T21:20:58.719088" elapsed="0.011140"/>
</kw>
<kw name="Validar Descricao do Produto Cadastrado" owner="page_cadastro_produto">
<kw name="Wait Until Element Is Visible" owner="SeleniumLibrary">
<arg>xpath=//*[@id="root"]/div/div[2]/ul/li/div[1]/p</arg>
<arg>5s</arg>
<doc>Waits until the element ``locator`` is visible.</doc>
<status status="PASS" start="2025-05-03T21:20:58.730576" elapsed="0.009012"/>
</kw>
<kw name="Get Text" owner="SeleniumLibrary">
<msg time="2025-05-03T21:20:58.749613" level="INFO">${descricao_cadastrada} = Características: - Marca: Redragon - Modelo: K552 Especificações: - Teclado Mecânico de Alto Desempenho - 12 Teclas para controle Multimídia - Controle de Iluminação "On-The-Fly" - Sistema Nº Key Roll...</msg>
<var>${descricao_cadastrada}</var>
<arg>xpath=//*[@id="root"]/div/div[2]/ul/li/div[1]/p</arg>
<doc>Returns the text value of the element identified by ``locator``.</doc>
<status status="PASS" start="2025-05-03T21:20:58.739747" elapsed="0.009914"/>
</kw>
<kw name="Should Be Equal" owner="BuiltIn">
<arg>${descricao_cadastrada}</arg>
<arg>${TEXTO_DESCRICAO}</arg>
<doc>Fails if the given objects are unequal.</doc>
<status status="PASS" start="2025-05-03T21:20:58.749806" elapsed="0.000208"/>
</kw>
<kw name="Log" owner="BuiltIn">
<msg time="2025-05-03T21:20:58.750238" level="INFO">Características: - Marca: Redragon - Modelo: K552 Especificações: - Teclado Mecânico de Alto Desempenho - 12 Teclas para controle Multimídia - Controle de Iluminação "On-The-Fly" - Sistema Nº Key Rollover para Anti-Ghosting em 100% das Teclas - Funcionamento da Tecla Win Alternável (Pressione FN+Win para Desligar / Ligar a Tecla) - Padrão ABNT2 - Feito Especialmente para o Mercado Brasileiro - O primeiro do Mundo em ABNT2 com teclas Padrão Double Injection - Fabricado com o Renomado Switch Mecânico Outemu: Brown - Outemu Brown: Feedback Tátil, Resistência Média, Sem Clique Audível - Iluminação com Leds Vermelhos - Construção Robusta em Metal e Plástico ABS para maior Durabilidade - Switch removível</msg>
<arg>${descricao_cadastrada}</arg>
<doc>Logs the given message with the given level.</doc>
<status status="PASS" start="2025-05-03T21:20:58.750119" elapsed="0.000167"/>
</kw>
<kw name="Log" owner="BuiltIn">
<msg time="2025-05-03T21:20:58.750486" level="INFO">Características: - Marca: Redragon - Modelo: K552 Especificações: - Teclado Mecânico de Alto Desempenho - 12 Teclas para controle Multimídia - Controle de Iluminação "On-The-Fly" - Sistema Nº Key Rollover para Anti-Ghosting em 100% das Teclas - Funcionamento da Tecla Win Alternável (Pressione FN+Win para Desligar / Ligar a Tecla) - Padrão ABNT2 - Feito Especialmente para o Mercado Brasileiro - O primeiro do Mundo em ABNT2 com teclas Padrão Double Injection - Fabricado com o Renomado Switch Mecânico Outemu: Brown - Outemu Brown: Feedback Tátil, Resistência Média, Sem Clique Audível - Iluminação com Leds Vermelhos - Construção Robusta em Metal e Plástico ABS para maior Durabilidade - Switch removível</msg>
<arg>${TEXTO_DESCRICAO}</arg>
<doc>Logs the given message with the given level.</doc>
<status status="PASS" start="2025-05-03T21:20:58.750375" elapsed="0.000157"/>
</kw>
<status status="PASS" start="2025-05-03T21:20:58.730371" elapsed="0.020224"/>
</kw>
<var name="${i}">10</var>
<status status="PASS" start="2025-05-03T21:20:57.657850" elapsed="1.092780"/>
</iter>
<var>${i}</var>
<value>1</value>
<value>11</value>
<status status="PASS" start="2025-05-03T21:20:47.555308" elapsed="11.195370"/>
</for>
<kw name="Validando lista de produtos cadastrados" owner="page_cadastro_produto">
<kw name="Capture Page Screenshot" owner="SeleniumLibrary">
<msg time="2025-05-03T21:20:58.878475" level="INFO" html="true">&lt;/td&gt;&lt;/tr&gt;&lt;tr&gt;&lt;td colspan="3"&gt;&lt;a href="selenium-screenshot-6.png"&gt;&lt;img src="selenium-screenshot-6.png" width="800px"&gt;&lt;/a&gt;</msg>
<doc>Takes a screenshot of the current page and embeds it into a log file.</doc>
<status status="PASS" start="2025-05-03T21:20:58.751149" elapsed="0.127431"/>
</kw>
<status status="PASS" start="2025-05-03T21:20:58.750944" elapsed="0.127723"/>
</kw>
<kw name="Fechar navegador" owner="hooks" type="TEARDOWN">
<kw name="Close Browser" owner="SeleniumLibrary">
<doc>Closes the current browser.</doc>
<status status="PASS" start="2025-05-03T21:20:58.879224" elapsed="2.150484"/>
</kw>
<status status="PASS" start="2025-05-03T21:20:58.879002" elapsed="2.150814"/>
</kw>
<tag>cadastrar_multiplos_produtos</tag>
<status status="PASS" start="2025-05-03T21:20:45.015472" elapsed="16.014550"/>
</test>
<status status="PASS" start="2025-05-03T21:20:09.622778" elapsed="51.408136"/>
</suite>
<statistics>
<total>
<stat pass="7" fail="0" skip="0">All Tests</stat>
</total>
<tag>
<stat pass="1" fail="0" skip="0">cadastrar_multiplos_produtos</stat>
<stat pass="1" fail="0" skip="0">cadastro_campos_vazios</stat>
<stat pass="1" fail="0" skip="0">cadastro_dados_invalidos</stat>
<stat pass="1" fail="0" skip="0">cadastro_dados_validos</stat>
<stat pass="1" fail="0" skip="0">campos_nome_vazios</stat>
<stat pass="1" fail="0" skip="0">editar_cadastro</stat>
<stat pass="1" fail="0" skip="0">excluir_cadastro</stat>
</tag>
<suite>
<stat name="Test Cadastro Produto" id="s1" pass="7" fail="0" skip="0">Test Cadastro Produto</stat>
</suite>
</statistics>
<errors>
</errors>
</robot>
